{
  "projectName": "淘贝应用 (Taobei App)",
  "timestamp": "2025-10-27T07:47:18.468Z",
  "summary": {
    "total": 24,
    "passed": 0,
    "failed": 12,
    "warnings": 12
  },
  "successRate": "0.0%",
  "requirements": [
    {
      "requirementId": "REQ-1.1.1",
      "category": "用户登录",
      "description": "登录界面布局 - 手机号输入区域",
      "testType": "frontend",
      "testFile": "LoginPage.test.tsx",
      "status": "FAILED",
      "details": "测试执行失败: stderr | test/components/LoginPage.test.tsx > 登录页面UI接口测试 > UI元素存在性测试 > 应该渲染所有必需的UI元素\nWarning: `ReactDOMTestUtils.act` is deprecated in favor of `React.act`. Import `act` from `react` instead of `react-dom/test-utils`. See https://react.dev/warnings/react-dom-test-utils for more info.\n⚠️ React Router Future Flag Warning: React Router will begin wrapping state updates in `React.startTransition` in v7. You can use the `v7_startTransition` future flag to opt-in early. For more information, see https://reactrouter.com/v6/upgrading/future#v7_starttransition.\n⚠️ React Router Future Flag Warning: Relative route resolution within Splat routes is changing in v7. You can use the `v7_relativeSplatPath` future flag to opt-in early. For more information, see https://reactrouter.com/v6/upgrading/future#v7_relativesplatpath.\n\nstderr | test/components/HomePage.test.tsx > 首页UI接口测试 > UI元素存在性测试 > 应该渲染淘贝品牌logo\nWarning: `ReactDOMTestUtils.act` is deprecated in favor of `React.act`. Import `act` from `react` instead of `react-dom/test-utils`. See https://react.dev/warnings/react-dom-test-utils for more info.\n⚠️ React Router Future Flag Warning: React Router will begin wrapping state updates in `React.startTransition` in v7. You can use the `v7_startTransition` future flag to opt-in early. For more information, see https://reactrouter.com/v6/upgrading/future#v7_starttransition.\n⚠️ React Router Future Flag Warning: Relative route resolution within Splat routes is changing in v7. You can use the `v7_relativeSplatPath` future flag to opt-in early. For more information, see https://reactrouter.com/v6/upgrading/future#v7_relativesplatpath.\n\nstderr | test/ui-element-tests.test.tsx > UI元素系统化检查 > 登录界面UI元素检查 > 品牌logo存在且功能正常\nWarning: `ReactDOMTestUtils.act` is deprecated in favor of `React.act`. Import `act` from `react` instead of `react-dom/test-utils`. See https://react.dev/warnings/react-dom-test-utils for more info.\n⚠️ React Router Future Flag Warning: React Router will begin wrapping state updates in `React.startTransition` in v7. You can use the `v7_startTransition` future flag to opt-in early. For more information, see https://reactrouter.com/v6/upgrading/future#v7_starttransition.\n⚠️ React Router Future Flag Warning: Relative route resolution within Splat routes is changing in v7. You can use the `v7_relativeSplatPath` future flag to opt-in early. For more information, see https://reactrouter.com/v6/upgrading/future#v7_relativesplatpath.\n\nstderr | test/components/RegisterPage.test.tsx > 注册页面UI接口测试 > UI元素存在性测试 > 应该渲染所有必需的UI元素\nWarning: `ReactDOMTestUtils.act` is deprecated in favor of `React.act`. Import `act` from `react` instead of `react-dom/test-utils`. See https://react.dev/warnings/react-dom-test-utils for more info.\n⚠️ React Router Future Flag Warning: React Router will begin wrapping state updates in `React.startTransition` in v7. You can use the `v7_startTransition` future flag to opt-in early. For more information, see https://reactrouter.com/v6/upgrading/future#v7_starttransition.\n⚠️ React Router Future Flag Warning: Relative route resolution within Splat routes is changing in v7. You can use the `v7_relativeSplatPath` future flag to opt-in early. For more information, see https://reactrouter.com/v6/upgrading/future#v7_relativesplatpath.\n\nstderr | unknown test\nError: Not implemented: navigation (except hash changes)\n    at module.exports (/Users/cq123222/Desktop/25-26 Fall/软件工程与项目管理/lab/taobei-app-new/frontend/node_modules/jsdom/lib/jsdom/browser/not-implemented.js:9:17)\n    at navigateFetch (/Users/cq123222/Desktop/25-26 Fall/软件工程与项目管理/lab/taobei-app-new/frontend/node_modules/jsdom/lib/jsdom/living/window/navigation.js:77:3)\n    at exports.navigate (/Users/cq123222/Desktop/25-26 Fall/软件工程与项目管理/lab/taobei-app-new/frontend/node_modules/jsdom/lib/jsdom/living/window/navigation.js:55:3)\n    at Timeout._onTimeout (/Users/cq123222/Desktop/25-26 Fall/软件工程与项目管理/lab/taobei-app-new/frontend/node_modules/jsdom/lib/jsdom/living/nodes/HTMLHyperlinkElementUtils-impl.js:81:7)\n    at listOnTimeout (node:internal/timers:588:17)\n    at processTimers (node:internal/timers:523:7) \u001b[90mundefined\u001b[39m\n\n⎯⎯⎯⎯⎯⎯ Failed Suites 1 ⎯⎯⎯⎯⎯⎯⎯\n\n FAIL  test/requirement-validation-tests.test.tsx [ test/requirement-validation-tests.test.tsx ]\nError: Failed to resolve import \"../../src/components/LoginPage\" from \"test/requirement-validation-tests.test.tsx\". Does the file exist?\n ❯ formatError ../../../../../25-26%20Fall/%E8%BD%AF%E4%BB%B6%E5%B7%A5%E7%A8%8B%E4%B8%8E%E9%A1%B9%E7%9B%AE%E7%AE%A1%E7%90%86/lab/taobei-app-new/frontend/node_modules/vite/dist/node/chunks/dep-827b23df.js:44066:46\n ❯ TransformContext.error ../../../../../25-26%20Fall/%E8%BD%AF%E4%BB%B6%E5%B7%A5%E7%A8%8B%E4%B8%8E%E9%A1%B9%E7%9B%AE%E7%AE%A1%E7%90%86/lab/taobei-app-new/frontend/node_modules/vite/dist/node/chunks/dep-827b23df.js:44062:19\n ❯ normalizeUrl ../../../../../25-26%20Fall/%E8%BD%AF%E4%BB%B6%E5%B7%A5%E7%A8%8B%E4%B8%8E%E9%A1%B9%E7%9B%AE%E7%AE%A1%E7%90%86/lab/taobei-app-new/frontend/node_modules/vite/dist/node/chunks/dep-827b23df.js:41845:33\n ❯ async file:/Users/cq123222/Desktop/25-26%20Fall/%E8%BD%AF%E4%BB%B6%E5%B7%A5%E7%A8%8B%E4%B8%8E%E9%A1%B9%E7%9B%AE%E7%AE%A1%E7%90%86/lab/taobei-app-new/frontend/node_modules/vite/dist/node/chunks/dep-827b23df.js:41999:47\n ❯ TransformContext.transform ../../../../../25-26%20Fall/%E8%BD%AF%E4%BB%B6%E5%B7%A5%E7%A8%8B%E4%B8%8E%E9%A1%B9%E7%9B%AE%E7%AE%A1%E7%90%86/lab/taobei-app-new/frontend/node_modules/vite/dist/node/chunks/dep-827b23df.js:41915:13\n ❯ Object.transform ../../../../../25-26%20Fall/%E8%BD%AF%E4%BB%B6%E5%B7%A5%E7%A8%8B%E4%B8%8E%E9%A1%B9%E7%9B%AE%E7%AE%A1%E7%90%86/lab/taobei-app-new/frontend/node_modules/vite/dist/node/chunks/dep-827b23df.js:44356:30\n ❯ loadAndTransform ../../../../../25-26%20Fall/%E8%BD%AF%E4%BB%B6%E5%B7%A5%E7%A8%8B%E4%B8%8E%E9%A1%B9%E7%9B%AE%E7%AE%A1%E7%90%86/lab/taobei-app-new/frontend/node_modules/vite/dist/node/chunks/dep-827b23df.js:55088:29\n\n⎯⎯⎯⎯⎯⎯⎯⎯⎯⎯⎯⎯⎯⎯⎯⎯⎯⎯⎯⎯⎯⎯⎯⎯[1/1]⎯\n\n",
      "timestamp": "2025-10-27T07:47:17.213Z",
      "acceptanceCriteria": "界面包含手机号输入框和+86前缀"
    },
    {
      "requirementId": "REQ-1.1.2",
      "category": "用户登录",
      "description": "登录界面布局 - 验证码输入区域",
      "testType": "frontend",
      "testFile": "LoginPage.test.tsx",
      "status": "FAILED",
      "details": "测试执行失败: stderr | test/components/LoginPage.test.tsx > 登录页面UI接口测试 > UI元素存在性测试 > 应该渲染所有必需的UI元素\nWarning: `ReactDOMTestUtils.act` is deprecated in favor of `React.act`. Import `act` from `react` instead of `react-dom/test-utils`. See https://react.dev/warnings/react-dom-test-utils for more info.\n⚠️ React Router Future Flag Warning: React Router will begin wrapping state updates in `React.startTransition` in v7. You can use the `v7_startTransition` future flag to opt-in early. For more information, see https://reactrouter.com/v6/upgrading/future#v7_starttransition.\n⚠️ React Router Future Flag Warning: Relative route resolution within Splat routes is changing in v7. You can use the `v7_relativeSplatPath` future flag to opt-in early. For more information, see https://reactrouter.com/v6/upgrading/future#v7_relativesplatpath.\n\nstderr | test/components/HomePage.test.tsx > 首页UI接口测试 > UI元素存在性测试 > 应该渲染淘贝品牌logo\nWarning: `ReactDOMTestUtils.act` is deprecated in favor of `React.act`. Import `act` from `react` instead of `react-dom/test-utils`. See https://react.dev/warnings/react-dom-test-utils for more info.\n⚠️ React Router Future Flag Warning: React Router will begin wrapping state updates in `React.startTransition` in v7. You can use the `v7_startTransition` future flag to opt-in early. For more information, see https://reactrouter.com/v6/upgrading/future#v7_starttransition.\n⚠️ React Router Future Flag Warning: Relative route resolution within Splat routes is changing in v7. You can use the `v7_relativeSplatPath` future flag to opt-in early. For more information, see https://reactrouter.com/v6/upgrading/future#v7_relativesplatpath.\n\nstderr | test/ui-element-tests.test.tsx > UI元素系统化检查 > 登录界面UI元素检查 > 品牌logo存在且功能正常\nWarning: `ReactDOMTestUtils.act` is deprecated in favor of `React.act`. Import `act` from `react` instead of `react-dom/test-utils`. See https://react.dev/warnings/react-dom-test-utils for more info.\n⚠️ React Router Future Flag Warning: React Router will begin wrapping state updates in `React.startTransition` in v7. You can use the `v7_startTransition` future flag to opt-in early. For more information, see https://reactrouter.com/v6/upgrading/future#v7_starttransition.\n⚠️ React Router Future Flag Warning: Relative route resolution within Splat routes is changing in v7. You can use the `v7_relativeSplatPath` future flag to opt-in early. For more information, see https://reactrouter.com/v6/upgrading/future#v7_relativesplatpath.\n\nstderr | test/components/RegisterPage.test.tsx > 注册页面UI接口测试 > UI元素存在性测试 > 应该渲染所有必需的UI元素\nWarning: `ReactDOMTestUtils.act` is deprecated in favor of `React.act`. Import `act` from `react` instead of `react-dom/test-utils`. See https://react.dev/warnings/react-dom-test-utils for more info.\n⚠️ React Router Future Flag Warning: React Router will begin wrapping state updates in `React.startTransition` in v7. You can use the `v7_startTransition` future flag to opt-in early. For more information, see https://reactrouter.com/v6/upgrading/future#v7_starttransition.\n⚠️ React Router Future Flag Warning: Relative route resolution within Splat routes is changing in v7. You can use the `v7_relativeSplatPath` future flag to opt-in early. For more information, see https://reactrouter.com/v6/upgrading/future#v7_relativesplatpath.\n\nstderr | unknown test\nError: Not implemented: navigation (except hash changes)\n    at module.exports (/Users/cq123222/Desktop/25-26 Fall/软件工程与项目管理/lab/taobei-app-new/frontend/node_modules/jsdom/lib/jsdom/browser/not-implemented.js:9:17)\n    at navigateFetch (/Users/cq123222/Desktop/25-26 Fall/软件工程与项目管理/lab/taobei-app-new/frontend/node_modules/jsdom/lib/jsdom/living/window/navigation.js:77:3)\n    at exports.navigate (/Users/cq123222/Desktop/25-26 Fall/软件工程与项目管理/lab/taobei-app-new/frontend/node_modules/jsdom/lib/jsdom/living/window/navigation.js:55:3)\n    at Timeout._onTimeout (/Users/cq123222/Desktop/25-26 Fall/软件工程与项目管理/lab/taobei-app-new/frontend/node_modules/jsdom/lib/jsdom/living/nodes/HTMLHyperlinkElementUtils-impl.js:81:7)\n    at listOnTimeout (node:internal/timers:588:17)\n    at processTimers (node:internal/timers:523:7) \u001b[90mundefined\u001b[39m\n\n⎯⎯⎯⎯⎯⎯ Failed Suites 1 ⎯⎯⎯⎯⎯⎯⎯\n\n FAIL  test/requirement-validation-tests.test.tsx [ test/requirement-validation-tests.test.tsx ]\nError: Failed to resolve import \"../../src/components/LoginPage\" from \"test/requirement-validation-tests.test.tsx\". Does the file exist?\n ❯ formatError ../../../../../25-26%20Fall/%E8%BD%AF%E4%BB%B6%E5%B7%A5%E7%A8%8B%E4%B8%8E%E9%A1%B9%E7%9B%AE%E7%AE%A1%E7%90%86/lab/taobei-app-new/frontend/node_modules/vite/dist/node/chunks/dep-827b23df.js:44066:46\n ❯ TransformContext.error ../../../../../25-26%20Fall/%E8%BD%AF%E4%BB%B6%E5%B7%A5%E7%A8%8B%E4%B8%8E%E9%A1%B9%E7%9B%AE%E7%AE%A1%E7%90%86/lab/taobei-app-new/frontend/node_modules/vite/dist/node/chunks/dep-827b23df.js:44062:19\n ❯ normalizeUrl ../../../../../25-26%20Fall/%E8%BD%AF%E4%BB%B6%E5%B7%A5%E7%A8%8B%E4%B8%8E%E9%A1%B9%E7%9B%AE%E7%AE%A1%E7%90%86/lab/taobei-app-new/frontend/node_modules/vite/dist/node/chunks/dep-827b23df.js:41845:33\n ❯ async file:/Users/cq123222/Desktop/25-26%20Fall/%E8%BD%AF%E4%BB%B6%E5%B7%A5%E7%A8%8B%E4%B8%8E%E9%A1%B9%E7%9B%AE%E7%AE%A1%E7%90%86/lab/taobei-app-new/frontend/node_modules/vite/dist/node/chunks/dep-827b23df.js:41999:47\n ❯ TransformContext.transform ../../../../../25-26%20Fall/%E8%BD%AF%E4%BB%B6%E5%B7%A5%E7%A8%8B%E4%B8%8E%E9%A1%B9%E7%9B%AE%E7%AE%A1%E7%90%86/lab/taobei-app-new/frontend/node_modules/vite/dist/node/chunks/dep-827b23df.js:41915:13\n ❯ Object.transform ../../../../../25-26%20Fall/%E8%BD%AF%E4%BB%B6%E5%B7%A5%E7%A8%8B%E4%B8%8E%E9%A1%B9%E7%9B%AE%E7%AE%A1%E7%90%86/lab/taobei-app-new/frontend/node_modules/vite/dist/node/chunks/dep-827b23df.js:44356:30\n ❯ loadAndTransform ../../../../../25-26%20Fall/%E8%BD%AF%E4%BB%B6%E5%B7%A5%E7%A8%8B%E4%B8%8E%E9%A1%B9%E7%9B%AE%E7%AE%A1%E7%90%86/lab/taobei-app-new/frontend/node_modules/vite/dist/node/chunks/dep-827b23df.js:55088:29\n\n⎯⎯⎯⎯⎯⎯⎯⎯⎯⎯⎯⎯⎯⎯⎯⎯⎯⎯⎯⎯⎯⎯⎯⎯[1/1]⎯\n\n",
      "timestamp": "2025-10-27T07:47:17.214Z",
      "acceptanceCriteria": "包含验证码输入框和获取验证码按钮"
    },
    {
      "requirementId": "REQ-1.1.3",
      "category": "用户登录",
      "description": "登录界面布局 - 登录按钮",
      "testType": "frontend",
      "testFile": "LoginPage.test.tsx",
      "status": "FAILED",
      "details": "测试执行失败: stderr | test/components/LoginPage.test.tsx > 登录页面UI接口测试 > UI元素存在性测试 > 应该渲染所有必需的UI元素\nWarning: `ReactDOMTestUtils.act` is deprecated in favor of `React.act`. Import `act` from `react` instead of `react-dom/test-utils`. See https://react.dev/warnings/react-dom-test-utils for more info.\n⚠️ React Router Future Flag Warning: React Router will begin wrapping state updates in `React.startTransition` in v7. You can use the `v7_startTransition` future flag to opt-in early. For more information, see https://reactrouter.com/v6/upgrading/future#v7_starttransition.\n⚠️ React Router Future Flag Warning: Relative route resolution within Splat routes is changing in v7. You can use the `v7_relativeSplatPath` future flag to opt-in early. For more information, see https://reactrouter.com/v6/upgrading/future#v7_relativesplatpath.\n\nstderr | test/components/HomePage.test.tsx > 首页UI接口测试 > UI元素存在性测试 > 应该渲染淘贝品牌logo\nWarning: `ReactDOMTestUtils.act` is deprecated in favor of `React.act`. Import `act` from `react` instead of `react-dom/test-utils`. See https://react.dev/warnings/react-dom-test-utils for more info.\n⚠️ React Router Future Flag Warning: React Router will begin wrapping state updates in `React.startTransition` in v7. You can use the `v7_startTransition` future flag to opt-in early. For more information, see https://reactrouter.com/v6/upgrading/future#v7_starttransition.\n⚠️ React Router Future Flag Warning: Relative route resolution within Splat routes is changing in v7. You can use the `v7_relativeSplatPath` future flag to opt-in early. For more information, see https://reactrouter.com/v6/upgrading/future#v7_relativesplatpath.\n\nstderr | test/ui-element-tests.test.tsx > UI元素系统化检查 > 登录界面UI元素检查 > 品牌logo存在且功能正常\nWarning: `ReactDOMTestUtils.act` is deprecated in favor of `React.act`. Import `act` from `react` instead of `react-dom/test-utils`. See https://react.dev/warnings/react-dom-test-utils for more info.\n⚠️ React Router Future Flag Warning: React Router will begin wrapping state updates in `React.startTransition` in v7. You can use the `v7_startTransition` future flag to opt-in early. For more information, see https://reactrouter.com/v6/upgrading/future#v7_starttransition.\n⚠️ React Router Future Flag Warning: Relative route resolution within Splat routes is changing in v7. You can use the `v7_relativeSplatPath` future flag to opt-in early. For more information, see https://reactrouter.com/v6/upgrading/future#v7_relativesplatpath.\n\nstderr | test/components/RegisterPage.test.tsx > 注册页面UI接口测试 > UI元素存在性测试 > 应该渲染所有必需的UI元素\nWarning: `ReactDOMTestUtils.act` is deprecated in favor of `React.act`. Import `act` from `react` instead of `react-dom/test-utils`. See https://react.dev/warnings/react-dom-test-utils for more info.\n⚠️ React Router Future Flag Warning: React Router will begin wrapping state updates in `React.startTransition` in v7. You can use the `v7_startTransition` future flag to opt-in early. For more information, see https://reactrouter.com/v6/upgrading/future#v7_starttransition.\n⚠️ React Router Future Flag Warning: Relative route resolution within Splat routes is changing in v7. You can use the `v7_relativeSplatPath` future flag to opt-in early. For more information, see https://reactrouter.com/v6/upgrading/future#v7_relativesplatpath.\n\nstderr | unknown test\nError: Not implemented: navigation (except hash changes)\n    at module.exports (/Users/cq123222/Desktop/25-26 Fall/软件工程与项目管理/lab/taobei-app-new/frontend/node_modules/jsdom/lib/jsdom/browser/not-implemented.js:9:17)\n    at navigateFetch (/Users/cq123222/Desktop/25-26 Fall/软件工程与项目管理/lab/taobei-app-new/frontend/node_modules/jsdom/lib/jsdom/living/window/navigation.js:77:3)\n    at exports.navigate (/Users/cq123222/Desktop/25-26 Fall/软件工程与项目管理/lab/taobei-app-new/frontend/node_modules/jsdom/lib/jsdom/living/window/navigation.js:55:3)\n    at Timeout._onTimeout (/Users/cq123222/Desktop/25-26 Fall/软件工程与项目管理/lab/taobei-app-new/frontend/node_modules/jsdom/lib/jsdom/living/nodes/HTMLHyperlinkElementUtils-impl.js:81:7)\n    at listOnTimeout (node:internal/timers:588:17)\n    at processTimers (node:internal/timers:523:7) \u001b[90mundefined\u001b[39m\n\n⎯⎯⎯⎯⎯⎯ Failed Suites 1 ⎯⎯⎯⎯⎯⎯⎯\n\n FAIL  test/requirement-validation-tests.test.tsx [ test/requirement-validation-tests.test.tsx ]\nError: Failed to resolve import \"../../src/components/LoginPage\" from \"test/requirement-validation-tests.test.tsx\". Does the file exist?\n ❯ formatError ../../../../../25-26%20Fall/%E8%BD%AF%E4%BB%B6%E5%B7%A5%E7%A8%8B%E4%B8%8E%E9%A1%B9%E7%9B%AE%E7%AE%A1%E7%90%86/lab/taobei-app-new/frontend/node_modules/vite/dist/node/chunks/dep-827b23df.js:44066:46\n ❯ TransformContext.error ../../../../../25-26%20Fall/%E8%BD%AF%E4%BB%B6%E5%B7%A5%E7%A8%8B%E4%B8%8E%E9%A1%B9%E7%9B%AE%E7%AE%A1%E7%90%86/lab/taobei-app-new/frontend/node_modules/vite/dist/node/chunks/dep-827b23df.js:44062:19\n ❯ normalizeUrl ../../../../../25-26%20Fall/%E8%BD%AF%E4%BB%B6%E5%B7%A5%E7%A8%8B%E4%B8%8E%E9%A1%B9%E7%9B%AE%E7%AE%A1%E7%90%86/lab/taobei-app-new/frontend/node_modules/vite/dist/node/chunks/dep-827b23df.js:41845:33\n ❯ async file:/Users/cq123222/Desktop/25-26%20Fall/%E8%BD%AF%E4%BB%B6%E5%B7%A5%E7%A8%8B%E4%B8%8E%E9%A1%B9%E7%9B%AE%E7%AE%A1%E7%90%86/lab/taobei-app-new/frontend/node_modules/vite/dist/node/chunks/dep-827b23df.js:41999:47\n ❯ TransformContext.transform ../../../../../25-26%20Fall/%E8%BD%AF%E4%BB%B6%E5%B7%A5%E7%A8%8B%E4%B8%8E%E9%A1%B9%E7%9B%AE%E7%AE%A1%E7%90%86/lab/taobei-app-new/frontend/node_modules/vite/dist/node/chunks/dep-827b23df.js:41915:13\n ❯ Object.transform ../../../../../25-26%20Fall/%E8%BD%AF%E4%BB%B6%E5%B7%A5%E7%A8%8B%E4%B8%8E%E9%A1%B9%E7%9B%AE%E7%AE%A1%E7%90%86/lab/taobei-app-new/frontend/node_modules/vite/dist/node/chunks/dep-827b23df.js:44356:30\n ❯ loadAndTransform ../../../../../25-26%20Fall/%E8%BD%AF%E4%BB%B6%E5%B7%A5%E7%A8%8B%E4%B8%8E%E9%A1%B9%E7%9B%AE%E7%AE%A1%E7%90%86/lab/taobei-app-new/frontend/node_modules/vite/dist/node/chunks/dep-827b23df.js:55088:29\n\n⎯⎯⎯⎯⎯⎯⎯⎯⎯⎯⎯⎯⎯⎯⎯⎯⎯⎯⎯⎯⎯⎯⎯⎯[1/1]⎯\n\n",
      "timestamp": "2025-10-27T07:47:17.214Z",
      "acceptanceCriteria": "全宽度橙色登录按钮"
    },
    {
      "requirementId": "REQ-1.1.4",
      "category": "用户登录",
      "description": "登录界面布局 - 底部导航",
      "testType": "frontend",
      "testFile": "LoginPage.test.tsx",
      "status": "FAILED",
      "details": "测试执行失败: stderr | test/components/LoginPage.test.tsx > 登录页面UI接口测试 > UI元素存在性测试 > 应该渲染所有必需的UI元素\nWarning: `ReactDOMTestUtils.act` is deprecated in favor of `React.act`. Import `act` from `react` instead of `react-dom/test-utils`. See https://react.dev/warnings/react-dom-test-utils for more info.\n⚠️ React Router Future Flag Warning: React Router will begin wrapping state updates in `React.startTransition` in v7. You can use the `v7_startTransition` future flag to opt-in early. For more information, see https://reactrouter.com/v6/upgrading/future#v7_starttransition.\n⚠️ React Router Future Flag Warning: Relative route resolution within Splat routes is changing in v7. You can use the `v7_relativeSplatPath` future flag to opt-in early. For more information, see https://reactrouter.com/v6/upgrading/future#v7_relativesplatpath.\n\nstderr | test/components/HomePage.test.tsx > 首页UI接口测试 > UI元素存在性测试 > 应该渲染淘贝品牌logo\nWarning: `ReactDOMTestUtils.act` is deprecated in favor of `React.act`. Import `act` from `react` instead of `react-dom/test-utils`. See https://react.dev/warnings/react-dom-test-utils for more info.\n⚠️ React Router Future Flag Warning: React Router will begin wrapping state updates in `React.startTransition` in v7. You can use the `v7_startTransition` future flag to opt-in early. For more information, see https://reactrouter.com/v6/upgrading/future#v7_starttransition.\n⚠️ React Router Future Flag Warning: Relative route resolution within Splat routes is changing in v7. You can use the `v7_relativeSplatPath` future flag to opt-in early. For more information, see https://reactrouter.com/v6/upgrading/future#v7_relativesplatpath.\n\nstderr | test/ui-element-tests.test.tsx > UI元素系统化检查 > 登录界面UI元素检查 > 品牌logo存在且功能正常\nWarning: `ReactDOMTestUtils.act` is deprecated in favor of `React.act`. Import `act` from `react` instead of `react-dom/test-utils`. See https://react.dev/warnings/react-dom-test-utils for more info.\n⚠️ React Router Future Flag Warning: React Router will begin wrapping state updates in `React.startTransition` in v7. You can use the `v7_startTransition` future flag to opt-in early. For more information, see https://reactrouter.com/v6/upgrading/future#v7_starttransition.\n⚠️ React Router Future Flag Warning: Relative route resolution within Splat routes is changing in v7. You can use the `v7_relativeSplatPath` future flag to opt-in early. For more information, see https://reactrouter.com/v6/upgrading/future#v7_relativesplatpath.\n\nstderr | test/components/RegisterPage.test.tsx > 注册页面UI接口测试 > UI元素存在性测试 > 应该渲染所有必需的UI元素\nWarning: `ReactDOMTestUtils.act` is deprecated in favor of `React.act`. Import `act` from `react` instead of `react-dom/test-utils`. See https://react.dev/warnings/react-dom-test-utils for more info.\n⚠️ React Router Future Flag Warning: React Router will begin wrapping state updates in `React.startTransition` in v7. You can use the `v7_startTransition` future flag to opt-in early. For more information, see https://reactrouter.com/v6/upgrading/future#v7_starttransition.\n⚠️ React Router Future Flag Warning: Relative route resolution within Splat routes is changing in v7. You can use the `v7_relativeSplatPath` future flag to opt-in early. For more information, see https://reactrouter.com/v6/upgrading/future#v7_relativesplatpath.\n\nstderr | unknown test\nError: Not implemented: navigation (except hash changes)\n    at module.exports (/Users/cq123222/Desktop/25-26 Fall/软件工程与项目管理/lab/taobei-app-new/frontend/node_modules/jsdom/lib/jsdom/browser/not-implemented.js:9:17)\n    at navigateFetch (/Users/cq123222/Desktop/25-26 Fall/软件工程与项目管理/lab/taobei-app-new/frontend/node_modules/jsdom/lib/jsdom/living/window/navigation.js:77:3)\n    at exports.navigate (/Users/cq123222/Desktop/25-26 Fall/软件工程与项目管理/lab/taobei-app-new/frontend/node_modules/jsdom/lib/jsdom/living/window/navigation.js:55:3)\n    at Timeout._onTimeout (/Users/cq123222/Desktop/25-26 Fall/软件工程与项目管理/lab/taobei-app-new/frontend/node_modules/jsdom/lib/jsdom/living/nodes/HTMLHyperlinkElementUtils-impl.js:81:7)\n    at listOnTimeout (node:internal/timers:588:17)\n    at processTimers (node:internal/timers:523:7) \u001b[90mundefined\u001b[39m\n\n⎯⎯⎯⎯⎯⎯ Failed Suites 1 ⎯⎯⎯⎯⎯⎯⎯\n\n FAIL  test/requirement-validation-tests.test.tsx [ test/requirement-validation-tests.test.tsx ]\nError: Failed to resolve import \"../../src/components/LoginPage\" from \"test/requirement-validation-tests.test.tsx\". Does the file exist?\n ❯ formatError ../../../../../25-26%20Fall/%E8%BD%AF%E4%BB%B6%E5%B7%A5%E7%A8%8B%E4%B8%8E%E9%A1%B9%E7%9B%AE%E7%AE%A1%E7%90%86/lab/taobei-app-new/frontend/node_modules/vite/dist/node/chunks/dep-827b23df.js:44066:46\n ❯ TransformContext.error ../../../../../25-26%20Fall/%E8%BD%AF%E4%BB%B6%E5%B7%A5%E7%A8%8B%E4%B8%8E%E9%A1%B9%E7%9B%AE%E7%AE%A1%E7%90%86/lab/taobei-app-new/frontend/node_modules/vite/dist/node/chunks/dep-827b23df.js:44062:19\n ❯ normalizeUrl ../../../../../25-26%20Fall/%E8%BD%AF%E4%BB%B6%E5%B7%A5%E7%A8%8B%E4%B8%8E%E9%A1%B9%E7%9B%AE%E7%AE%A1%E7%90%86/lab/taobei-app-new/frontend/node_modules/vite/dist/node/chunks/dep-827b23df.js:41845:33\n ❯ async file:/Users/cq123222/Desktop/25-26%20Fall/%E8%BD%AF%E4%BB%B6%E5%B7%A5%E7%A8%8B%E4%B8%8E%E9%A1%B9%E7%9B%AE%E7%AE%A1%E7%90%86/lab/taobei-app-new/frontend/node_modules/vite/dist/node/chunks/dep-827b23df.js:41999:47\n ❯ TransformContext.transform ../../../../../25-26%20Fall/%E8%BD%AF%E4%BB%B6%E5%B7%A5%E7%A8%8B%E4%B8%8E%E9%A1%B9%E7%9B%AE%E7%AE%A1%E7%90%86/lab/taobei-app-new/frontend/node_modules/vite/dist/node/chunks/dep-827b23df.js:41915:13\n ❯ Object.transform ../../../../../25-26%20Fall/%E8%BD%AF%E4%BB%B6%E5%B7%A5%E7%A8%8B%E4%B8%8E%E9%A1%B9%E7%9B%AE%E7%AE%A1%E7%90%86/lab/taobei-app-new/frontend/node_modules/vite/dist/node/chunks/dep-827b23df.js:44356:30\n ❯ loadAndTransform ../../../../../25-26%20Fall/%E8%BD%AF%E4%BB%B6%E5%B7%A5%E7%A8%8B%E4%B8%8E%E9%A1%B9%E7%9B%AE%E7%AE%A1%E7%90%86/lab/taobei-app-new/frontend/node_modules/vite/dist/node/chunks/dep-827b23df.js:55088:29\n\n⎯⎯⎯⎯⎯⎯⎯⎯⎯⎯⎯⎯⎯⎯⎯⎯⎯⎯⎯⎯⎯⎯⎯⎯[1/1]⎯\n\n",
      "timestamp": "2025-10-27T07:47:17.214Z",
      "acceptanceCriteria": "包含忘记账号和免费注册链接"
    },
    {
      "requirementId": "REQ-2.1.1",
      "category": "用户注册",
      "description": "注册界面布局 - 手机号输入区域",
      "testType": "frontend",
      "testFile": "RegisterPage.test.tsx",
      "status": "FAILED",
      "details": "测试执行失败: stderr | test/components/LoginPage.test.tsx > 登录页面UI接口测试 > UI元素存在性测试 > 应该渲染所有必需的UI元素\nWarning: `ReactDOMTestUtils.act` is deprecated in favor of `React.act`. Import `act` from `react` instead of `react-dom/test-utils`. See https://react.dev/warnings/react-dom-test-utils for more info.\n⚠️ React Router Future Flag Warning: React Router will begin wrapping state updates in `React.startTransition` in v7. You can use the `v7_startTransition` future flag to opt-in early. For more information, see https://reactrouter.com/v6/upgrading/future#v7_starttransition.\n⚠️ React Router Future Flag Warning: Relative route resolution within Splat routes is changing in v7. You can use the `v7_relativeSplatPath` future flag to opt-in early. For more information, see https://reactrouter.com/v6/upgrading/future#v7_relativesplatpath.\n\nstderr | test/components/HomePage.test.tsx > 首页UI接口测试 > UI元素存在性测试 > 应该渲染淘贝品牌logo\nWarning: `ReactDOMTestUtils.act` is deprecated in favor of `React.act`. Import `act` from `react` instead of `react-dom/test-utils`. See https://react.dev/warnings/react-dom-test-utils for more info.\n⚠️ React Router Future Flag Warning: React Router will begin wrapping state updates in `React.startTransition` in v7. You can use the `v7_startTransition` future flag to opt-in early. For more information, see https://reactrouter.com/v6/upgrading/future#v7_starttransition.\n⚠️ React Router Future Flag Warning: Relative route resolution within Splat routes is changing in v7. You can use the `v7_relativeSplatPath` future flag to opt-in early. For more information, see https://reactrouter.com/v6/upgrading/future#v7_relativesplatpath.\n\nstderr | test/ui-element-tests.test.tsx > UI元素系统化检查 > 登录界面UI元素检查 > 品牌logo存在且功能正常\nWarning: `ReactDOMTestUtils.act` is deprecated in favor of `React.act`. Import `act` from `react` instead of `react-dom/test-utils`. See https://react.dev/warnings/react-dom-test-utils for more info.\n⚠️ React Router Future Flag Warning: React Router will begin wrapping state updates in `React.startTransition` in v7. You can use the `v7_startTransition` future flag to opt-in early. For more information, see https://reactrouter.com/v6/upgrading/future#v7_starttransition.\n⚠️ React Router Future Flag Warning: Relative route resolution within Splat routes is changing in v7. You can use the `v7_relativeSplatPath` future flag to opt-in early. For more information, see https://reactrouter.com/v6/upgrading/future#v7_relativesplatpath.\n\nstderr | test/components/RegisterPage.test.tsx > 注册页面UI接口测试 > UI元素存在性测试 > 应该渲染所有必需的UI元素\nWarning: `ReactDOMTestUtils.act` is deprecated in favor of `React.act`. Import `act` from `react` instead of `react-dom/test-utils`. See https://react.dev/warnings/react-dom-test-utils for more info.\n⚠️ React Router Future Flag Warning: React Router will begin wrapping state updates in `React.startTransition` in v7. You can use the `v7_startTransition` future flag to opt-in early. For more information, see https://reactrouter.com/v6/upgrading/future#v7_starttransition.\n⚠️ React Router Future Flag Warning: Relative route resolution within Splat routes is changing in v7. You can use the `v7_relativeSplatPath` future flag to opt-in early. For more information, see https://reactrouter.com/v6/upgrading/future#v7_relativesplatpath.\n\nstderr | unknown test\nError: Not implemented: navigation (except hash changes)\n    at module.exports (/Users/cq123222/Desktop/25-26 Fall/软件工程与项目管理/lab/taobei-app-new/frontend/node_modules/jsdom/lib/jsdom/browser/not-implemented.js:9:17)\n    at navigateFetch (/Users/cq123222/Desktop/25-26 Fall/软件工程与项目管理/lab/taobei-app-new/frontend/node_modules/jsdom/lib/jsdom/living/window/navigation.js:77:3)\n    at exports.navigate (/Users/cq123222/Desktop/25-26 Fall/软件工程与项目管理/lab/taobei-app-new/frontend/node_modules/jsdom/lib/jsdom/living/window/navigation.js:55:3)\n    at Timeout._onTimeout (/Users/cq123222/Desktop/25-26 Fall/软件工程与项目管理/lab/taobei-app-new/frontend/node_modules/jsdom/lib/jsdom/living/nodes/HTMLHyperlinkElementUtils-impl.js:81:7)\n    at listOnTimeout (node:internal/timers:588:17)\n    at processTimers (node:internal/timers:523:7) \u001b[90mundefined\u001b[39m\n\n⎯⎯⎯⎯⎯⎯ Failed Suites 1 ⎯⎯⎯⎯⎯⎯⎯\n\n FAIL  test/requirement-validation-tests.test.tsx [ test/requirement-validation-tests.test.tsx ]\nError: Failed to resolve import \"../../src/components/LoginPage\" from \"test/requirement-validation-tests.test.tsx\". Does the file exist?\n ❯ formatError ../../../../../25-26%20Fall/%E8%BD%AF%E4%BB%B6%E5%B7%A5%E7%A8%8B%E4%B8%8E%E9%A1%B9%E7%9B%AE%E7%AE%A1%E7%90%86/lab/taobei-app-new/frontend/node_modules/vite/dist/node/chunks/dep-827b23df.js:44066:46\n ❯ TransformContext.error ../../../../../25-26%20Fall/%E8%BD%AF%E4%BB%B6%E5%B7%A5%E7%A8%8B%E4%B8%8E%E9%A1%B9%E7%9B%AE%E7%AE%A1%E7%90%86/lab/taobei-app-new/frontend/node_modules/vite/dist/node/chunks/dep-827b23df.js:44062:19\n ❯ normalizeUrl ../../../../../25-26%20Fall/%E8%BD%AF%E4%BB%B6%E5%B7%A5%E7%A8%8B%E4%B8%8E%E9%A1%B9%E7%9B%AE%E7%AE%A1%E7%90%86/lab/taobei-app-new/frontend/node_modules/vite/dist/node/chunks/dep-827b23df.js:41845:33\n ❯ async file:/Users/cq123222/Desktop/25-26%20Fall/%E8%BD%AF%E4%BB%B6%E5%B7%A5%E7%A8%8B%E4%B8%8E%E9%A1%B9%E7%9B%AE%E7%AE%A1%E7%90%86/lab/taobei-app-new/frontend/node_modules/vite/dist/node/chunks/dep-827b23df.js:41999:47\n ❯ TransformContext.transform ../../../../../25-26%20Fall/%E8%BD%AF%E4%BB%B6%E5%B7%A5%E7%A8%8B%E4%B8%8E%E9%A1%B9%E7%9B%AE%E7%AE%A1%E7%90%86/lab/taobei-app-new/frontend/node_modules/vite/dist/node/chunks/dep-827b23df.js:41915:13\n ❯ Object.transform ../../../../../25-26%20Fall/%E8%BD%AF%E4%BB%B6%E5%B7%A5%E7%A8%8B%E4%B8%8E%E9%A1%B9%E7%9B%AE%E7%AE%A1%E7%90%86/lab/taobei-app-new/frontend/node_modules/vite/dist/node/chunks/dep-827b23df.js:44356:30\n ❯ loadAndTransform ../../../../../25-26%20Fall/%E8%BD%AF%E4%BB%B6%E5%B7%A5%E7%A8%8B%E4%B8%8E%E9%A1%B9%E7%9B%AE%E7%AE%A1%E7%90%86/lab/taobei-app-new/frontend/node_modules/vite/dist/node/chunks/dep-827b23df.js:55088:29\n\n⎯⎯⎯⎯⎯⎯⎯⎯⎯⎯⎯⎯⎯⎯⎯⎯⎯⎯⎯⎯⎯⎯⎯⎯[1/1]⎯\n\n",
      "timestamp": "2025-10-27T07:47:17.214Z",
      "acceptanceCriteria": "界面包含手机号输入框和中国大陆+86前缀"
    },
    {
      "requirementId": "REQ-2.1.2",
      "category": "用户注册",
      "description": "注册界面布局 - 验证码输入区域",
      "testType": "frontend",
      "testFile": "RegisterPage.test.tsx",
      "status": "FAILED",
      "details": "测试执行失败: stderr | test/components/LoginPage.test.tsx > 登录页面UI接口测试 > UI元素存在性测试 > 应该渲染所有必需的UI元素\nWarning: `ReactDOMTestUtils.act` is deprecated in favor of `React.act`. Import `act` from `react` instead of `react-dom/test-utils`. See https://react.dev/warnings/react-dom-test-utils for more info.\n⚠️ React Router Future Flag Warning: React Router will begin wrapping state updates in `React.startTransition` in v7. You can use the `v7_startTransition` future flag to opt-in early. For more information, see https://reactrouter.com/v6/upgrading/future#v7_starttransition.\n⚠️ React Router Future Flag Warning: Relative route resolution within Splat routes is changing in v7. You can use the `v7_relativeSplatPath` future flag to opt-in early. For more information, see https://reactrouter.com/v6/upgrading/future#v7_relativesplatpath.\n\nstderr | test/components/HomePage.test.tsx > 首页UI接口测试 > UI元素存在性测试 > 应该渲染淘贝品牌logo\nWarning: `ReactDOMTestUtils.act` is deprecated in favor of `React.act`. Import `act` from `react` instead of `react-dom/test-utils`. See https://react.dev/warnings/react-dom-test-utils for more info.\n⚠️ React Router Future Flag Warning: React Router will begin wrapping state updates in `React.startTransition` in v7. You can use the `v7_startTransition` future flag to opt-in early. For more information, see https://reactrouter.com/v6/upgrading/future#v7_starttransition.\n⚠️ React Router Future Flag Warning: Relative route resolution within Splat routes is changing in v7. You can use the `v7_relativeSplatPath` future flag to opt-in early. For more information, see https://reactrouter.com/v6/upgrading/future#v7_relativesplatpath.\n\nstderr | test/ui-element-tests.test.tsx > UI元素系统化检查 > 登录界面UI元素检查 > 品牌logo存在且功能正常\nWarning: `ReactDOMTestUtils.act` is deprecated in favor of `React.act`. Import `act` from `react` instead of `react-dom/test-utils`. See https://react.dev/warnings/react-dom-test-utils for more info.\n⚠️ React Router Future Flag Warning: React Router will begin wrapping state updates in `React.startTransition` in v7. You can use the `v7_startTransition` future flag to opt-in early. For more information, see https://reactrouter.com/v6/upgrading/future#v7_starttransition.\n⚠️ React Router Future Flag Warning: Relative route resolution within Splat routes is changing in v7. You can use the `v7_relativeSplatPath` future flag to opt-in early. For more information, see https://reactrouter.com/v6/upgrading/future#v7_relativesplatpath.\n\nstderr | test/components/RegisterPage.test.tsx > 注册页面UI接口测试 > UI元素存在性测试 > 应该渲染所有必需的UI元素\nWarning: `ReactDOMTestUtils.act` is deprecated in favor of `React.act`. Import `act` from `react` instead of `react-dom/test-utils`. See https://react.dev/warnings/react-dom-test-utils for more info.\n⚠️ React Router Future Flag Warning: React Router will begin wrapping state updates in `React.startTransition` in v7. You can use the `v7_startTransition` future flag to opt-in early. For more information, see https://reactrouter.com/v6/upgrading/future#v7_starttransition.\n⚠️ React Router Future Flag Warning: Relative route resolution within Splat routes is changing in v7. You can use the `v7_relativeSplatPath` future flag to opt-in early. For more information, see https://reactrouter.com/v6/upgrading/future#v7_relativesplatpath.\n\nstderr | unknown test\nError: Not implemented: navigation (except hash changes)\n    at module.exports (/Users/cq123222/Desktop/25-26 Fall/软件工程与项目管理/lab/taobei-app-new/frontend/node_modules/jsdom/lib/jsdom/browser/not-implemented.js:9:17)\n    at navigateFetch (/Users/cq123222/Desktop/25-26 Fall/软件工程与项目管理/lab/taobei-app-new/frontend/node_modules/jsdom/lib/jsdom/living/window/navigation.js:77:3)\n    at exports.navigate (/Users/cq123222/Desktop/25-26 Fall/软件工程与项目管理/lab/taobei-app-new/frontend/node_modules/jsdom/lib/jsdom/living/window/navigation.js:55:3)\n    at Timeout._onTimeout (/Users/cq123222/Desktop/25-26 Fall/软件工程与项目管理/lab/taobei-app-new/frontend/node_modules/jsdom/lib/jsdom/living/nodes/HTMLHyperlinkElementUtils-impl.js:81:7)\n    at listOnTimeout (node:internal/timers:588:17)\n    at processTimers (node:internal/timers:523:7) \u001b[90mundefined\u001b[39m\n\n⎯⎯⎯⎯⎯⎯ Failed Suites 1 ⎯⎯⎯⎯⎯⎯⎯\n\n FAIL  test/requirement-validation-tests.test.tsx [ test/requirement-validation-tests.test.tsx ]\nError: Failed to resolve import \"../../src/components/LoginPage\" from \"test/requirement-validation-tests.test.tsx\". Does the file exist?\n ❯ formatError ../../../../../25-26%20Fall/%E8%BD%AF%E4%BB%B6%E5%B7%A5%E7%A8%8B%E4%B8%8E%E9%A1%B9%E7%9B%AE%E7%AE%A1%E7%90%86/lab/taobei-app-new/frontend/node_modules/vite/dist/node/chunks/dep-827b23df.js:44066:46\n ❯ TransformContext.error ../../../../../25-26%20Fall/%E8%BD%AF%E4%BB%B6%E5%B7%A5%E7%A8%8B%E4%B8%8E%E9%A1%B9%E7%9B%AE%E7%AE%A1%E7%90%86/lab/taobei-app-new/frontend/node_modules/vite/dist/node/chunks/dep-827b23df.js:44062:19\n ❯ normalizeUrl ../../../../../25-26%20Fall/%E8%BD%AF%E4%BB%B6%E5%B7%A5%E7%A8%8B%E4%B8%8E%E9%A1%B9%E7%9B%AE%E7%AE%A1%E7%90%86/lab/taobei-app-new/frontend/node_modules/vite/dist/node/chunks/dep-827b23df.js:41845:33\n ❯ async file:/Users/cq123222/Desktop/25-26%20Fall/%E8%BD%AF%E4%BB%B6%E5%B7%A5%E7%A8%8B%E4%B8%8E%E9%A1%B9%E7%9B%AE%E7%AE%A1%E7%90%86/lab/taobei-app-new/frontend/node_modules/vite/dist/node/chunks/dep-827b23df.js:41999:47\n ❯ TransformContext.transform ../../../../../25-26%20Fall/%E8%BD%AF%E4%BB%B6%E5%B7%A5%E7%A8%8B%E4%B8%8E%E9%A1%B9%E7%9B%AE%E7%AE%A1%E7%90%86/lab/taobei-app-new/frontend/node_modules/vite/dist/node/chunks/dep-827b23df.js:41915:13\n ❯ Object.transform ../../../../../25-26%20Fall/%E8%BD%AF%E4%BB%B6%E5%B7%A5%E7%A8%8B%E4%B8%8E%E9%A1%B9%E7%9B%AE%E7%AE%A1%E7%90%86/lab/taobei-app-new/frontend/node_modules/vite/dist/node/chunks/dep-827b23df.js:44356:30\n ❯ loadAndTransform ../../../../../25-26%20Fall/%E8%BD%AF%E4%BB%B6%E5%B7%A5%E7%A8%8B%E4%B8%8E%E9%A1%B9%E7%9B%AE%E7%AE%A1%E7%90%86/lab/taobei-app-new/frontend/node_modules/vite/dist/node/chunks/dep-827b23df.js:55088:29\n\n⎯⎯⎯⎯⎯⎯⎯⎯⎯⎯⎯⎯⎯⎯⎯⎯⎯⎯⎯⎯⎯⎯⎯⎯[1/1]⎯\n\n",
      "timestamp": "2025-10-27T07:47:17.214Z",
      "acceptanceCriteria": "包含验证码输入框和获取验证码按钮"
    },
    {
      "requirementId": "REQ-2.1.3",
      "category": "用户注册",
      "description": "注册界面布局 - 同意并注册按钮",
      "testType": "frontend",
      "testFile": "RegisterPage.test.tsx",
      "status": "FAILED",
      "details": "测试执行失败: stderr | test/components/LoginPage.test.tsx > 登录页面UI接口测试 > UI元素存在性测试 > 应该渲染所有必需的UI元素\nWarning: `ReactDOMTestUtils.act` is deprecated in favor of `React.act`. Import `act` from `react` instead of `react-dom/test-utils`. See https://react.dev/warnings/react-dom-test-utils for more info.\n⚠️ React Router Future Flag Warning: React Router will begin wrapping state updates in `React.startTransition` in v7. You can use the `v7_startTransition` future flag to opt-in early. For more information, see https://reactrouter.com/v6/upgrading/future#v7_starttransition.\n⚠️ React Router Future Flag Warning: Relative route resolution within Splat routes is changing in v7. You can use the `v7_relativeSplatPath` future flag to opt-in early. For more information, see https://reactrouter.com/v6/upgrading/future#v7_relativesplatpath.\n\nstderr | test/components/HomePage.test.tsx > 首页UI接口测试 > UI元素存在性测试 > 应该渲染淘贝品牌logo\nWarning: `ReactDOMTestUtils.act` is deprecated in favor of `React.act`. Import `act` from `react` instead of `react-dom/test-utils`. See https://react.dev/warnings/react-dom-test-utils for more info.\n⚠️ React Router Future Flag Warning: React Router will begin wrapping state updates in `React.startTransition` in v7. You can use the `v7_startTransition` future flag to opt-in early. For more information, see https://reactrouter.com/v6/upgrading/future#v7_starttransition.\n⚠️ React Router Future Flag Warning: Relative route resolution within Splat routes is changing in v7. You can use the `v7_relativeSplatPath` future flag to opt-in early. For more information, see https://reactrouter.com/v6/upgrading/future#v7_relativesplatpath.\n\nstderr | test/ui-element-tests.test.tsx > UI元素系统化检查 > 登录界面UI元素检查 > 品牌logo存在且功能正常\nWarning: `ReactDOMTestUtils.act` is deprecated in favor of `React.act`. Import `act` from `react` instead of `react-dom/test-utils`. See https://react.dev/warnings/react-dom-test-utils for more info.\n⚠️ React Router Future Flag Warning: React Router will begin wrapping state updates in `React.startTransition` in v7. You can use the `v7_startTransition` future flag to opt-in early. For more information, see https://reactrouter.com/v6/upgrading/future#v7_starttransition.\n⚠️ React Router Future Flag Warning: Relative route resolution within Splat routes is changing in v7. You can use the `v7_relativeSplatPath` future flag to opt-in early. For more information, see https://reactrouter.com/v6/upgrading/future#v7_relativesplatpath.\n\nstderr | test/components/RegisterPage.test.tsx > 注册页面UI接口测试 > UI元素存在性测试 > 应该渲染所有必需的UI元素\nWarning: `ReactDOMTestUtils.act` is deprecated in favor of `React.act`. Import `act` from `react` instead of `react-dom/test-utils`. See https://react.dev/warnings/react-dom-test-utils for more info.\n⚠️ React Router Future Flag Warning: React Router will begin wrapping state updates in `React.startTransition` in v7. You can use the `v7_startTransition` future flag to opt-in early. For more information, see https://reactrouter.com/v6/upgrading/future#v7_starttransition.\n⚠️ React Router Future Flag Warning: Relative route resolution within Splat routes is changing in v7. You can use the `v7_relativeSplatPath` future flag to opt-in early. For more information, see https://reactrouter.com/v6/upgrading/future#v7_relativesplatpath.\n\nstderr | unknown test\nError: Not implemented: navigation (except hash changes)\n    at module.exports (/Users/cq123222/Desktop/25-26 Fall/软件工程与项目管理/lab/taobei-app-new/frontend/node_modules/jsdom/lib/jsdom/browser/not-implemented.js:9:17)\n    at navigateFetch (/Users/cq123222/Desktop/25-26 Fall/软件工程与项目管理/lab/taobei-app-new/frontend/node_modules/jsdom/lib/jsdom/living/window/navigation.js:77:3)\n    at exports.navigate (/Users/cq123222/Desktop/25-26 Fall/软件工程与项目管理/lab/taobei-app-new/frontend/node_modules/jsdom/lib/jsdom/living/window/navigation.js:55:3)\n    at Timeout._onTimeout (/Users/cq123222/Desktop/25-26 Fall/软件工程与项目管理/lab/taobei-app-new/frontend/node_modules/jsdom/lib/jsdom/living/nodes/HTMLHyperlinkElementUtils-impl.js:81:7)\n    at listOnTimeout (node:internal/timers:588:17)\n    at processTimers (node:internal/timers:523:7) \u001b[90mundefined\u001b[39m\n\n⎯⎯⎯⎯⎯⎯ Failed Suites 1 ⎯⎯⎯⎯⎯⎯⎯\n\n FAIL  test/requirement-validation-tests.test.tsx [ test/requirement-validation-tests.test.tsx ]\nError: Failed to resolve import \"../../src/components/LoginPage\" from \"test/requirement-validation-tests.test.tsx\". Does the file exist?\n ❯ formatError ../../../../../25-26%20Fall/%E8%BD%AF%E4%BB%B6%E5%B7%A5%E7%A8%8B%E4%B8%8E%E9%A1%B9%E7%9B%AE%E7%AE%A1%E7%90%86/lab/taobei-app-new/frontend/node_modules/vite/dist/node/chunks/dep-827b23df.js:44066:46\n ❯ TransformContext.error ../../../../../25-26%20Fall/%E8%BD%AF%E4%BB%B6%E5%B7%A5%E7%A8%8B%E4%B8%8E%E9%A1%B9%E7%9B%AE%E7%AE%A1%E7%90%86/lab/taobei-app-new/frontend/node_modules/vite/dist/node/chunks/dep-827b23df.js:44062:19\n ❯ normalizeUrl ../../../../../25-26%20Fall/%E8%BD%AF%E4%BB%B6%E5%B7%A5%E7%A8%8B%E4%B8%8E%E9%A1%B9%E7%9B%AE%E7%AE%A1%E7%90%86/lab/taobei-app-new/frontend/node_modules/vite/dist/node/chunks/dep-827b23df.js:41845:33\n ❯ async file:/Users/cq123222/Desktop/25-26%20Fall/%E8%BD%AF%E4%BB%B6%E5%B7%A5%E7%A8%8B%E4%B8%8E%E9%A1%B9%E7%9B%AE%E7%AE%A1%E7%90%86/lab/taobei-app-new/frontend/node_modules/vite/dist/node/chunks/dep-827b23df.js:41999:47\n ❯ TransformContext.transform ../../../../../25-26%20Fall/%E8%BD%AF%E4%BB%B6%E5%B7%A5%E7%A8%8B%E4%B8%8E%E9%A1%B9%E7%9B%AE%E7%AE%A1%E7%90%86/lab/taobei-app-new/frontend/node_modules/vite/dist/node/chunks/dep-827b23df.js:41915:13\n ❯ Object.transform ../../../../../25-26%20Fall/%E8%BD%AF%E4%BB%B6%E5%B7%A5%E7%A8%8B%E4%B8%8E%E9%A1%B9%E7%9B%AE%E7%AE%A1%E7%90%86/lab/taobei-app-new/frontend/node_modules/vite/dist/node/chunks/dep-827b23df.js:44356:30\n ❯ loadAndTransform ../../../../../25-26%20Fall/%E8%BD%AF%E4%BB%B6%E5%B7%A5%E7%A8%8B%E4%B8%8E%E9%A1%B9%E7%9B%AE%E7%AE%A1%E7%90%86/lab/taobei-app-new/frontend/node_modules/vite/dist/node/chunks/dep-827b23df.js:55088:29\n\n⎯⎯⎯⎯⎯⎯⎯⎯⎯⎯⎯⎯⎯⎯⎯⎯⎯⎯⎯⎯⎯⎯⎯⎯[1/1]⎯\n\n",
      "timestamp": "2025-10-27T07:47:17.214Z",
      "acceptanceCriteria": "全宽度橙色同意并注册按钮"
    },
    {
      "requirementId": "REQ-2.1.4",
      "category": "用户注册",
      "description": "注册界面布局 - 登录链接和协议",
      "testType": "frontend",
      "testFile": "RegisterPage.test.tsx",
      "status": "FAILED",
      "details": "测试执行失败: stderr | test/components/LoginPage.test.tsx > 登录页面UI接口测试 > UI元素存在性测试 > 应该渲染所有必需的UI元素\nWarning: `ReactDOMTestUtils.act` is deprecated in favor of `React.act`. Import `act` from `react` instead of `react-dom/test-utils`. See https://react.dev/warnings/react-dom-test-utils for more info.\n⚠️ React Router Future Flag Warning: React Router will begin wrapping state updates in `React.startTransition` in v7. You can use the `v7_startTransition` future flag to opt-in early. For more information, see https://reactrouter.com/v6/upgrading/future#v7_starttransition.\n⚠️ React Router Future Flag Warning: Relative route resolution within Splat routes is changing in v7. You can use the `v7_relativeSplatPath` future flag to opt-in early. For more information, see https://reactrouter.com/v6/upgrading/future#v7_relativesplatpath.\n\nstderr | test/components/HomePage.test.tsx > 首页UI接口测试 > UI元素存在性测试 > 应该渲染淘贝品牌logo\nWarning: `ReactDOMTestUtils.act` is deprecated in favor of `React.act`. Import `act` from `react` instead of `react-dom/test-utils`. See https://react.dev/warnings/react-dom-test-utils for more info.\n⚠️ React Router Future Flag Warning: React Router will begin wrapping state updates in `React.startTransition` in v7. You can use the `v7_startTransition` future flag to opt-in early. For more information, see https://reactrouter.com/v6/upgrading/future#v7_starttransition.\n⚠️ React Router Future Flag Warning: Relative route resolution within Splat routes is changing in v7. You can use the `v7_relativeSplatPath` future flag to opt-in early. For more information, see https://reactrouter.com/v6/upgrading/future#v7_relativesplatpath.\n\nstderr | test/ui-element-tests.test.tsx > UI元素系统化检查 > 登录界面UI元素检查 > 品牌logo存在且功能正常\nWarning: `ReactDOMTestUtils.act` is deprecated in favor of `React.act`. Import `act` from `react` instead of `react-dom/test-utils`. See https://react.dev/warnings/react-dom-test-utils for more info.\n⚠️ React Router Future Flag Warning: React Router will begin wrapping state updates in `React.startTransition` in v7. You can use the `v7_startTransition` future flag to opt-in early. For more information, see https://reactrouter.com/v6/upgrading/future#v7_starttransition.\n⚠️ React Router Future Flag Warning: Relative route resolution within Splat routes is changing in v7. You can use the `v7_relativeSplatPath` future flag to opt-in early. For more information, see https://reactrouter.com/v6/upgrading/future#v7_relativesplatpath.\n\nstderr | test/components/RegisterPage.test.tsx > 注册页面UI接口测试 > UI元素存在性测试 > 应该渲染所有必需的UI元素\nWarning: `ReactDOMTestUtils.act` is deprecated in favor of `React.act`. Import `act` from `react` instead of `react-dom/test-utils`. See https://react.dev/warnings/react-dom-test-utils for more info.\n⚠️ React Router Future Flag Warning: React Router will begin wrapping state updates in `React.startTransition` in v7. You can use the `v7_startTransition` future flag to opt-in early. For more information, see https://reactrouter.com/v6/upgrading/future#v7_starttransition.\n⚠️ React Router Future Flag Warning: Relative route resolution within Splat routes is changing in v7. You can use the `v7_relativeSplatPath` future flag to opt-in early. For more information, see https://reactrouter.com/v6/upgrading/future#v7_relativesplatpath.\n\nstderr | unknown test\nError: Not implemented: navigation (except hash changes)\n    at module.exports (/Users/cq123222/Desktop/25-26 Fall/软件工程与项目管理/lab/taobei-app-new/frontend/node_modules/jsdom/lib/jsdom/browser/not-implemented.js:9:17)\n    at navigateFetch (/Users/cq123222/Desktop/25-26 Fall/软件工程与项目管理/lab/taobei-app-new/frontend/node_modules/jsdom/lib/jsdom/living/window/navigation.js:77:3)\n    at exports.navigate (/Users/cq123222/Desktop/25-26 Fall/软件工程与项目管理/lab/taobei-app-new/frontend/node_modules/jsdom/lib/jsdom/living/window/navigation.js:55:3)\n    at Timeout._onTimeout (/Users/cq123222/Desktop/25-26 Fall/软件工程与项目管理/lab/taobei-app-new/frontend/node_modules/jsdom/lib/jsdom/living/nodes/HTMLHyperlinkElementUtils-impl.js:81:7)\n    at listOnTimeout (node:internal/timers:588:17)\n    at processTimers (node:internal/timers:523:7) \u001b[90mundefined\u001b[39m\n\n⎯⎯⎯⎯⎯⎯ Failed Suites 1 ⎯⎯⎯⎯⎯⎯⎯\n\n FAIL  test/requirement-validation-tests.test.tsx [ test/requirement-validation-tests.test.tsx ]\nError: Failed to resolve import \"../../src/components/LoginPage\" from \"test/requirement-validation-tests.test.tsx\". Does the file exist?\n ❯ formatError ../../../../../25-26%20Fall/%E8%BD%AF%E4%BB%B6%E5%B7%A5%E7%A8%8B%E4%B8%8E%E9%A1%B9%E7%9B%AE%E7%AE%A1%E7%90%86/lab/taobei-app-new/frontend/node_modules/vite/dist/node/chunks/dep-827b23df.js:44066:46\n ❯ TransformContext.error ../../../../../25-26%20Fall/%E8%BD%AF%E4%BB%B6%E5%B7%A5%E7%A8%8B%E4%B8%8E%E9%A1%B9%E7%9B%AE%E7%AE%A1%E7%90%86/lab/taobei-app-new/frontend/node_modules/vite/dist/node/chunks/dep-827b23df.js:44062:19\n ❯ normalizeUrl ../../../../../25-26%20Fall/%E8%BD%AF%E4%BB%B6%E5%B7%A5%E7%A8%8B%E4%B8%8E%E9%A1%B9%E7%9B%AE%E7%AE%A1%E7%90%86/lab/taobei-app-new/frontend/node_modules/vite/dist/node/chunks/dep-827b23df.js:41845:33\n ❯ async file:/Users/cq123222/Desktop/25-26%20Fall/%E8%BD%AF%E4%BB%B6%E5%B7%A5%E7%A8%8B%E4%B8%8E%E9%A1%B9%E7%9B%AE%E7%AE%A1%E7%90%86/lab/taobei-app-new/frontend/node_modules/vite/dist/node/chunks/dep-827b23df.js:41999:47\n ❯ TransformContext.transform ../../../../../25-26%20Fall/%E8%BD%AF%E4%BB%B6%E5%B7%A5%E7%A8%8B%E4%B8%8E%E9%A1%B9%E7%9B%AE%E7%AE%A1%E7%90%86/lab/taobei-app-new/frontend/node_modules/vite/dist/node/chunks/dep-827b23df.js:41915:13\n ❯ Object.transform ../../../../../25-26%20Fall/%E8%BD%AF%E4%BB%B6%E5%B7%A5%E7%A8%8B%E4%B8%8E%E9%A1%B9%E7%9B%AE%E7%AE%A1%E7%90%86/lab/taobei-app-new/frontend/node_modules/vite/dist/node/chunks/dep-827b23df.js:44356:30\n ❯ loadAndTransform ../../../../../25-26%20Fall/%E8%BD%AF%E4%BB%B6%E5%B7%A5%E7%A8%8B%E4%B8%8E%E9%A1%B9%E7%9B%AE%E7%AE%A1%E7%90%86/lab/taobei-app-new/frontend/node_modules/vite/dist/node/chunks/dep-827b23df.js:55088:29\n\n⎯⎯⎯⎯⎯⎯⎯⎯⎯⎯⎯⎯⎯⎯⎯⎯⎯⎯⎯⎯⎯⎯⎯⎯[1/1]⎯\n\n",
      "timestamp": "2025-10-27T07:47:17.214Z",
      "acceptanceCriteria": "包含立即登录链接和用户协议勾选框"
    },
    {
      "requirementId": "REQ-2.3.2",
      "category": "用户注册",
      "description": "注册提交 - 用户协议校验",
      "testType": "frontend",
      "testFile": "RegisterPage.test.tsx",
      "status": "FAILED",
      "details": "测试执行失败: stderr | test/components/LoginPage.test.tsx > 登录页面UI接口测试 > UI元素存在性测试 > 应该渲染所有必需的UI元素\nWarning: `ReactDOMTestUtils.act` is deprecated in favor of `React.act`. Import `act` from `react` instead of `react-dom/test-utils`. See https://react.dev/warnings/react-dom-test-utils for more info.\n⚠️ React Router Future Flag Warning: React Router will begin wrapping state updates in `React.startTransition` in v7. You can use the `v7_startTransition` future flag to opt-in early. For more information, see https://reactrouter.com/v6/upgrading/future#v7_starttransition.\n⚠️ React Router Future Flag Warning: Relative route resolution within Splat routes is changing in v7. You can use the `v7_relativeSplatPath` future flag to opt-in early. For more information, see https://reactrouter.com/v6/upgrading/future#v7_relativesplatpath.\n\nstderr | test/components/HomePage.test.tsx > 首页UI接口测试 > UI元素存在性测试 > 应该渲染淘贝品牌logo\nWarning: `ReactDOMTestUtils.act` is deprecated in favor of `React.act`. Import `act` from `react` instead of `react-dom/test-utils`. See https://react.dev/warnings/react-dom-test-utils for more info.\n⚠️ React Router Future Flag Warning: React Router will begin wrapping state updates in `React.startTransition` in v7. You can use the `v7_startTransition` future flag to opt-in early. For more information, see https://reactrouter.com/v6/upgrading/future#v7_starttransition.\n⚠️ React Router Future Flag Warning: Relative route resolution within Splat routes is changing in v7. You can use the `v7_relativeSplatPath` future flag to opt-in early. For more information, see https://reactrouter.com/v6/upgrading/future#v7_relativesplatpath.\n\nstderr | test/ui-element-tests.test.tsx > UI元素系统化检查 > 登录界面UI元素检查 > 品牌logo存在且功能正常\nWarning: `ReactDOMTestUtils.act` is deprecated in favor of `React.act`. Import `act` from `react` instead of `react-dom/test-utils`. See https://react.dev/warnings/react-dom-test-utils for more info.\n⚠️ React Router Future Flag Warning: React Router will begin wrapping state updates in `React.startTransition` in v7. You can use the `v7_startTransition` future flag to opt-in early. For more information, see https://reactrouter.com/v6/upgrading/future#v7_starttransition.\n⚠️ React Router Future Flag Warning: Relative route resolution within Splat routes is changing in v7. You can use the `v7_relativeSplatPath` future flag to opt-in early. For more information, see https://reactrouter.com/v6/upgrading/future#v7_relativesplatpath.\n\nstderr | test/components/RegisterPage.test.tsx > 注册页面UI接口测试 > UI元素存在性测试 > 应该渲染所有必需的UI元素\nWarning: `ReactDOMTestUtils.act` is deprecated in favor of `React.act`. Import `act` from `react` instead of `react-dom/test-utils`. See https://react.dev/warnings/react-dom-test-utils for more info.\n⚠️ React Router Future Flag Warning: React Router will begin wrapping state updates in `React.startTransition` in v7. You can use the `v7_startTransition` future flag to opt-in early. For more information, see https://reactrouter.com/v6/upgrading/future#v7_starttransition.\n⚠️ React Router Future Flag Warning: Relative route resolution within Splat routes is changing in v7. You can use the `v7_relativeSplatPath` future flag to opt-in early. For more information, see https://reactrouter.com/v6/upgrading/future#v7_relativesplatpath.\n\nstderr | unknown test\nError: Not implemented: navigation (except hash changes)\n    at module.exports (/Users/cq123222/Desktop/25-26 Fall/软件工程与项目管理/lab/taobei-app-new/frontend/node_modules/jsdom/lib/jsdom/browser/not-implemented.js:9:17)\n    at navigateFetch (/Users/cq123222/Desktop/25-26 Fall/软件工程与项目管理/lab/taobei-app-new/frontend/node_modules/jsdom/lib/jsdom/living/window/navigation.js:77:3)\n    at exports.navigate (/Users/cq123222/Desktop/25-26 Fall/软件工程与项目管理/lab/taobei-app-new/frontend/node_modules/jsdom/lib/jsdom/living/window/navigation.js:55:3)\n    at Timeout._onTimeout (/Users/cq123222/Desktop/25-26 Fall/软件工程与项目管理/lab/taobei-app-new/frontend/node_modules/jsdom/lib/jsdom/living/nodes/HTMLHyperlinkElementUtils-impl.js:81:7)\n    at listOnTimeout (node:internal/timers:588:17)\n    at processTimers (node:internal/timers:523:7) \u001b[90mundefined\u001b[39m\n\n⎯⎯⎯⎯⎯⎯ Failed Suites 1 ⎯⎯⎯⎯⎯⎯⎯\n\n FAIL  test/requirement-validation-tests.test.tsx [ test/requirement-validation-tests.test.tsx ]\nError: Failed to resolve import \"../../src/components/LoginPage\" from \"test/requirement-validation-tests.test.tsx\". Does the file exist?\n ❯ formatError ../../../../../25-26%20Fall/%E8%BD%AF%E4%BB%B6%E5%B7%A5%E7%A8%8B%E4%B8%8E%E9%A1%B9%E7%9B%AE%E7%AE%A1%E7%90%86/lab/taobei-app-new/frontend/node_modules/vite/dist/node/chunks/dep-827b23df.js:44066:46\n ❯ TransformContext.error ../../../../../25-26%20Fall/%E8%BD%AF%E4%BB%B6%E5%B7%A5%E7%A8%8B%E4%B8%8E%E9%A1%B9%E7%9B%AE%E7%AE%A1%E7%90%86/lab/taobei-app-new/frontend/node_modules/vite/dist/node/chunks/dep-827b23df.js:44062:19\n ❯ normalizeUrl ../../../../../25-26%20Fall/%E8%BD%AF%E4%BB%B6%E5%B7%A5%E7%A8%8B%E4%B8%8E%E9%A1%B9%E7%9B%AE%E7%AE%A1%E7%90%86/lab/taobei-app-new/frontend/node_modules/vite/dist/node/chunks/dep-827b23df.js:41845:33\n ❯ async file:/Users/cq123222/Desktop/25-26%20Fall/%E8%BD%AF%E4%BB%B6%E5%B7%A5%E7%A8%8B%E4%B8%8E%E9%A1%B9%E7%9B%AE%E7%AE%A1%E7%90%86/lab/taobei-app-new/frontend/node_modules/vite/dist/node/chunks/dep-827b23df.js:41999:47\n ❯ TransformContext.transform ../../../../../25-26%20Fall/%E8%BD%AF%E4%BB%B6%E5%B7%A5%E7%A8%8B%E4%B8%8E%E9%A1%B9%E7%9B%AE%E7%AE%A1%E7%90%86/lab/taobei-app-new/frontend/node_modules/vite/dist/node/chunks/dep-827b23df.js:41915:13\n ❯ Object.transform ../../../../../25-26%20Fall/%E8%BD%AF%E4%BB%B6%E5%B7%A5%E7%A8%8B%E4%B8%8E%E9%A1%B9%E7%9B%AE%E7%AE%A1%E7%90%86/lab/taobei-app-new/frontend/node_modules/vite/dist/node/chunks/dep-827b23df.js:44356:30\n ❯ loadAndTransform ../../../../../25-26%20Fall/%E8%BD%AF%E4%BB%B6%E5%B7%A5%E7%A8%8B%E4%B8%8E%E9%A1%B9%E7%9B%AE%E7%AE%A1%E7%90%86/lab/taobei-app-new/frontend/node_modules/vite/dist/node/chunks/dep-827b23df.js:55088:29\n\n⎯⎯⎯⎯⎯⎯⎯⎯⎯⎯⎯⎯⎯⎯⎯⎯⎯⎯⎯⎯⎯⎯⎯⎯[1/1]⎯\n\n",
      "timestamp": "2025-10-27T07:47:17.214Z",
      "acceptanceCriteria": "未同意协议时按钮不可点击"
    },
    {
      "requirementId": "REQ-3.1.1",
      "category": "首页",
      "description": "首页布局 - 品牌logo",
      "testType": "frontend",
      "testFile": "HomePage.test.tsx",
      "status": "FAILED",
      "details": "测试执行失败: stderr | test/components/LoginPage.test.tsx > 登录页面UI接口测试 > UI元素存在性测试 > 应该渲染所有必需的UI元素\nWarning: `ReactDOMTestUtils.act` is deprecated in favor of `React.act`. Import `act` from `react` instead of `react-dom/test-utils`. See https://react.dev/warnings/react-dom-test-utils for more info.\n⚠️ React Router Future Flag Warning: React Router will begin wrapping state updates in `React.startTransition` in v7. You can use the `v7_startTransition` future flag to opt-in early. For more information, see https://reactrouter.com/v6/upgrading/future#v7_starttransition.\n⚠️ React Router Future Flag Warning: Relative route resolution within Splat routes is changing in v7. You can use the `v7_relativeSplatPath` future flag to opt-in early. For more information, see https://reactrouter.com/v6/upgrading/future#v7_relativesplatpath.\n\nstderr | test/components/HomePage.test.tsx > 首页UI接口测试 > UI元素存在性测试 > 应该渲染淘贝品牌logo\nWarning: `ReactDOMTestUtils.act` is deprecated in favor of `React.act`. Import `act` from `react` instead of `react-dom/test-utils`. See https://react.dev/warnings/react-dom-test-utils for more info.\n⚠️ React Router Future Flag Warning: React Router will begin wrapping state updates in `React.startTransition` in v7. You can use the `v7_startTransition` future flag to opt-in early. For more information, see https://reactrouter.com/v6/upgrading/future#v7_starttransition.\n⚠️ React Router Future Flag Warning: Relative route resolution within Splat routes is changing in v7. You can use the `v7_relativeSplatPath` future flag to opt-in early. For more information, see https://reactrouter.com/v6/upgrading/future#v7_relativesplatpath.\n\nstderr | test/ui-element-tests.test.tsx > UI元素系统化检查 > 登录界面UI元素检查 > 品牌logo存在且功能正常\nWarning: `ReactDOMTestUtils.act` is deprecated in favor of `React.act`. Import `act` from `react` instead of `react-dom/test-utils`. See https://react.dev/warnings/react-dom-test-utils for more info.\n⚠️ React Router Future Flag Warning: React Router will begin wrapping state updates in `React.startTransition` in v7. You can use the `v7_startTransition` future flag to opt-in early. For more information, see https://reactrouter.com/v6/upgrading/future#v7_starttransition.\n⚠️ React Router Future Flag Warning: Relative route resolution within Splat routes is changing in v7. You can use the `v7_relativeSplatPath` future flag to opt-in early. For more information, see https://reactrouter.com/v6/upgrading/future#v7_relativesplatpath.\n\nstderr | test/components/RegisterPage.test.tsx > 注册页面UI接口测试 > UI元素存在性测试 > 应该渲染所有必需的UI元素\nWarning: `ReactDOMTestUtils.act` is deprecated in favor of `React.act`. Import `act` from `react` instead of `react-dom/test-utils`. See https://react.dev/warnings/react-dom-test-utils for more info.\n⚠️ React Router Future Flag Warning: React Router will begin wrapping state updates in `React.startTransition` in v7. You can use the `v7_startTransition` future flag to opt-in early. For more information, see https://reactrouter.com/v6/upgrading/future#v7_starttransition.\n⚠️ React Router Future Flag Warning: Relative route resolution within Splat routes is changing in v7. You can use the `v7_relativeSplatPath` future flag to opt-in early. For more information, see https://reactrouter.com/v6/upgrading/future#v7_relativesplatpath.\n\nstderr | unknown test\nError: Not implemented: navigation (except hash changes)\n    at module.exports (/Users/cq123222/Desktop/25-26 Fall/软件工程与项目管理/lab/taobei-app-new/frontend/node_modules/jsdom/lib/jsdom/browser/not-implemented.js:9:17)\n    at navigateFetch (/Users/cq123222/Desktop/25-26 Fall/软件工程与项目管理/lab/taobei-app-new/frontend/node_modules/jsdom/lib/jsdom/living/window/navigation.js:77:3)\n    at exports.navigate (/Users/cq123222/Desktop/25-26 Fall/软件工程与项目管理/lab/taobei-app-new/frontend/node_modules/jsdom/lib/jsdom/living/window/navigation.js:55:3)\n    at Timeout._onTimeout (/Users/cq123222/Desktop/25-26 Fall/软件工程与项目管理/lab/taobei-app-new/frontend/node_modules/jsdom/lib/jsdom/living/nodes/HTMLHyperlinkElementUtils-impl.js:81:7)\n    at listOnTimeout (node:internal/timers:588:17)\n    at processTimers (node:internal/timers:523:7) \u001b[90mundefined\u001b[39m\n\n⎯⎯⎯⎯⎯⎯ Failed Suites 1 ⎯⎯⎯⎯⎯⎯⎯\n\n FAIL  test/requirement-validation-tests.test.tsx [ test/requirement-validation-tests.test.tsx ]\nError: Failed to resolve import \"../../src/components/LoginPage\" from \"test/requirement-validation-tests.test.tsx\". Does the file exist?\n ❯ formatError ../../../../../25-26%20Fall/%E8%BD%AF%E4%BB%B6%E5%B7%A5%E7%A8%8B%E4%B8%8E%E9%A1%B9%E7%9B%AE%E7%AE%A1%E7%90%86/lab/taobei-app-new/frontend/node_modules/vite/dist/node/chunks/dep-827b23df.js:44066:46\n ❯ TransformContext.error ../../../../../25-26%20Fall/%E8%BD%AF%E4%BB%B6%E5%B7%A5%E7%A8%8B%E4%B8%8E%E9%A1%B9%E7%9B%AE%E7%AE%A1%E7%90%86/lab/taobei-app-new/frontend/node_modules/vite/dist/node/chunks/dep-827b23df.js:44062:19\n ❯ normalizeUrl ../../../../../25-26%20Fall/%E8%BD%AF%E4%BB%B6%E5%B7%A5%E7%A8%8B%E4%B8%8E%E9%A1%B9%E7%9B%AE%E7%AE%A1%E7%90%86/lab/taobei-app-new/frontend/node_modules/vite/dist/node/chunks/dep-827b23df.js:41845:33\n ❯ async file:/Users/cq123222/Desktop/25-26%20Fall/%E8%BD%AF%E4%BB%B6%E5%B7%A5%E7%A8%8B%E4%B8%8E%E9%A1%B9%E7%9B%AE%E7%AE%A1%E7%90%86/lab/taobei-app-new/frontend/node_modules/vite/dist/node/chunks/dep-827b23df.js:41999:47\n ❯ TransformContext.transform ../../../../../25-26%20Fall/%E8%BD%AF%E4%BB%B6%E5%B7%A5%E7%A8%8B%E4%B8%8E%E9%A1%B9%E7%9B%AE%E7%AE%A1%E7%90%86/lab/taobei-app-new/frontend/node_modules/vite/dist/node/chunks/dep-827b23df.js:41915:13\n ❯ Object.transform ../../../../../25-26%20Fall/%E8%BD%AF%E4%BB%B6%E5%B7%A5%E7%A8%8B%E4%B8%8E%E9%A1%B9%E7%9B%AE%E7%AE%A1%E7%90%86/lab/taobei-app-new/frontend/node_modules/vite/dist/node/chunks/dep-827b23df.js:44356:30\n ❯ loadAndTransform ../../../../../25-26%20Fall/%E8%BD%AF%E4%BB%B6%E5%B7%A5%E7%A8%8B%E4%B8%8E%E9%A1%B9%E7%9B%AE%E7%AE%A1%E7%90%86/lab/taobei-app-new/frontend/node_modules/vite/dist/node/chunks/dep-827b23df.js:55088:29\n\n⎯⎯⎯⎯⎯⎯⎯⎯⎯⎯⎯⎯⎯⎯⎯⎯⎯⎯⎯⎯⎯⎯⎯⎯[1/1]⎯\n\n",
      "timestamp": "2025-10-27T07:47:17.214Z",
      "acceptanceCriteria": "显示橙色淘贝文字logo"
    },
    {
      "requirementId": "REQ-3.1.2",
      "category": "首页",
      "description": "首页布局 - 登录链接",
      "testType": "frontend",
      "testFile": "HomePage.test.tsx",
      "status": "FAILED",
      "details": "测试执行失败: stderr | test/components/LoginPage.test.tsx > 登录页面UI接口测试 > UI元素存在性测试 > 应该渲染所有必需的UI元素\nWarning: `ReactDOMTestUtils.act` is deprecated in favor of `React.act`. Import `act` from `react` instead of `react-dom/test-utils`. See https://react.dev/warnings/react-dom-test-utils for more info.\n⚠️ React Router Future Flag Warning: React Router will begin wrapping state updates in `React.startTransition` in v7. You can use the `v7_startTransition` future flag to opt-in early. For more information, see https://reactrouter.com/v6/upgrading/future#v7_starttransition.\n⚠️ React Router Future Flag Warning: Relative route resolution within Splat routes is changing in v7. You can use the `v7_relativeSplatPath` future flag to opt-in early. For more information, see https://reactrouter.com/v6/upgrading/future#v7_relativesplatpath.\n\nstderr | test/components/HomePage.test.tsx > 首页UI接口测试 > UI元素存在性测试 > 应该渲染淘贝品牌logo\nWarning: `ReactDOMTestUtils.act` is deprecated in favor of `React.act`. Import `act` from `react` instead of `react-dom/test-utils`. See https://react.dev/warnings/react-dom-test-utils for more info.\n⚠️ React Router Future Flag Warning: React Router will begin wrapping state updates in `React.startTransition` in v7. You can use the `v7_startTransition` future flag to opt-in early. For more information, see https://reactrouter.com/v6/upgrading/future#v7_starttransition.\n⚠️ React Router Future Flag Warning: Relative route resolution within Splat routes is changing in v7. You can use the `v7_relativeSplatPath` future flag to opt-in early. For more information, see https://reactrouter.com/v6/upgrading/future#v7_relativesplatpath.\n\nstderr | test/ui-element-tests.test.tsx > UI元素系统化检查 > 登录界面UI元素检查 > 品牌logo存在且功能正常\nWarning: `ReactDOMTestUtils.act` is deprecated in favor of `React.act`. Import `act` from `react` instead of `react-dom/test-utils`. See https://react.dev/warnings/react-dom-test-utils for more info.\n⚠️ React Router Future Flag Warning: React Router will begin wrapping state updates in `React.startTransition` in v7. You can use the `v7_startTransition` future flag to opt-in early. For more information, see https://reactrouter.com/v6/upgrading/future#v7_starttransition.\n⚠️ React Router Future Flag Warning: Relative route resolution within Splat routes is changing in v7. You can use the `v7_relativeSplatPath` future flag to opt-in early. For more information, see https://reactrouter.com/v6/upgrading/future#v7_relativesplatpath.\n\nstderr | test/components/RegisterPage.test.tsx > 注册页面UI接口测试 > UI元素存在性测试 > 应该渲染所有必需的UI元素\nWarning: `ReactDOMTestUtils.act` is deprecated in favor of `React.act`. Import `act` from `react` instead of `react-dom/test-utils`. See https://react.dev/warnings/react-dom-test-utils for more info.\n⚠️ React Router Future Flag Warning: React Router will begin wrapping state updates in `React.startTransition` in v7. You can use the `v7_startTransition` future flag to opt-in early. For more information, see https://reactrouter.com/v6/upgrading/future#v7_starttransition.\n⚠️ React Router Future Flag Warning: Relative route resolution within Splat routes is changing in v7. You can use the `v7_relativeSplatPath` future flag to opt-in early. For more information, see https://reactrouter.com/v6/upgrading/future#v7_relativesplatpath.\n\nstderr | unknown test\nError: Not implemented: navigation (except hash changes)\n    at module.exports (/Users/cq123222/Desktop/25-26 Fall/软件工程与项目管理/lab/taobei-app-new/frontend/node_modules/jsdom/lib/jsdom/browser/not-implemented.js:9:17)\n    at navigateFetch (/Users/cq123222/Desktop/25-26 Fall/软件工程与项目管理/lab/taobei-app-new/frontend/node_modules/jsdom/lib/jsdom/living/window/navigation.js:77:3)\n    at exports.navigate (/Users/cq123222/Desktop/25-26 Fall/软件工程与项目管理/lab/taobei-app-new/frontend/node_modules/jsdom/lib/jsdom/living/window/navigation.js:55:3)\n    at Timeout._onTimeout (/Users/cq123222/Desktop/25-26 Fall/软件工程与项目管理/lab/taobei-app-new/frontend/node_modules/jsdom/lib/jsdom/living/nodes/HTMLHyperlinkElementUtils-impl.js:81:7)\n    at listOnTimeout (node:internal/timers:588:17)\n    at processTimers (node:internal/timers:523:7) \u001b[90mundefined\u001b[39m\n\n⎯⎯⎯⎯⎯⎯ Failed Suites 1 ⎯⎯⎯⎯⎯⎯⎯\n\n FAIL  test/requirement-validation-tests.test.tsx [ test/requirement-validation-tests.test.tsx ]\nError: Failed to resolve import \"../../src/components/LoginPage\" from \"test/requirement-validation-tests.test.tsx\". Does the file exist?\n ❯ formatError ../../../../../25-26%20Fall/%E8%BD%AF%E4%BB%B6%E5%B7%A5%E7%A8%8B%E4%B8%8E%E9%A1%B9%E7%9B%AE%E7%AE%A1%E7%90%86/lab/taobei-app-new/frontend/node_modules/vite/dist/node/chunks/dep-827b23df.js:44066:46\n ❯ TransformContext.error ../../../../../25-26%20Fall/%E8%BD%AF%E4%BB%B6%E5%B7%A5%E7%A8%8B%E4%B8%8E%E9%A1%B9%E7%9B%AE%E7%AE%A1%E7%90%86/lab/taobei-app-new/frontend/node_modules/vite/dist/node/chunks/dep-827b23df.js:44062:19\n ❯ normalizeUrl ../../../../../25-26%20Fall/%E8%BD%AF%E4%BB%B6%E5%B7%A5%E7%A8%8B%E4%B8%8E%E9%A1%B9%E7%9B%AE%E7%AE%A1%E7%90%86/lab/taobei-app-new/frontend/node_modules/vite/dist/node/chunks/dep-827b23df.js:41845:33\n ❯ async file:/Users/cq123222/Desktop/25-26%20Fall/%E8%BD%AF%E4%BB%B6%E5%B7%A5%E7%A8%8B%E4%B8%8E%E9%A1%B9%E7%9B%AE%E7%AE%A1%E7%90%86/lab/taobei-app-new/frontend/node_modules/vite/dist/node/chunks/dep-827b23df.js:41999:47\n ❯ TransformContext.transform ../../../../../25-26%20Fall/%E8%BD%AF%E4%BB%B6%E5%B7%A5%E7%A8%8B%E4%B8%8E%E9%A1%B9%E7%9B%AE%E7%AE%A1%E7%90%86/lab/taobei-app-new/frontend/node_modules/vite/dist/node/chunks/dep-827b23df.js:41915:13\n ❯ Object.transform ../../../../../25-26%20Fall/%E8%BD%AF%E4%BB%B6%E5%B7%A5%E7%A8%8B%E4%B8%8E%E9%A1%B9%E7%9B%AE%E7%AE%A1%E7%90%86/lab/taobei-app-new/frontend/node_modules/vite/dist/node/chunks/dep-827b23df.js:44356:30\n ❯ loadAndTransform ../../../../../25-26%20Fall/%E8%BD%AF%E4%BB%B6%E5%B7%A5%E7%A8%8B%E4%B8%8E%E9%A1%B9%E7%9B%AE%E7%AE%A1%E7%90%86/lab/taobei-app-new/frontend/node_modules/vite/dist/node/chunks/dep-827b23df.js:55088:29\n\n⎯⎯⎯⎯⎯⎯⎯⎯⎯⎯⎯⎯⎯⎯⎯⎯⎯⎯⎯⎯⎯⎯⎯⎯[1/1]⎯\n\n",
      "timestamp": "2025-10-27T07:47:17.214Z",
      "acceptanceCriteria": "显示亲，请登录文字并可点击跳转"
    },
    {
      "requirementId": "REQ-3.1.3",
      "category": "首页",
      "description": "首页布局 - 注册链接",
      "testType": "frontend",
      "testFile": "HomePage.test.tsx",
      "status": "FAILED",
      "details": "测试执行失败: stderr | test/components/LoginPage.test.tsx > 登录页面UI接口测试 > UI元素存在性测试 > 应该渲染所有必需的UI元素\nWarning: `ReactDOMTestUtils.act` is deprecated in favor of `React.act`. Import `act` from `react` instead of `react-dom/test-utils`. See https://react.dev/warnings/react-dom-test-utils for more info.\n⚠️ React Router Future Flag Warning: React Router will begin wrapping state updates in `React.startTransition` in v7. You can use the `v7_startTransition` future flag to opt-in early. For more information, see https://reactrouter.com/v6/upgrading/future#v7_starttransition.\n⚠️ React Router Future Flag Warning: Relative route resolution within Splat routes is changing in v7. You can use the `v7_relativeSplatPath` future flag to opt-in early. For more information, see https://reactrouter.com/v6/upgrading/future#v7_relativesplatpath.\n\nstderr | test/components/HomePage.test.tsx > 首页UI接口测试 > UI元素存在性测试 > 应该渲染淘贝品牌logo\nWarning: `ReactDOMTestUtils.act` is deprecated in favor of `React.act`. Import `act` from `react` instead of `react-dom/test-utils`. See https://react.dev/warnings/react-dom-test-utils for more info.\n⚠️ React Router Future Flag Warning: React Router will begin wrapping state updates in `React.startTransition` in v7. You can use the `v7_startTransition` future flag to opt-in early. For more information, see https://reactrouter.com/v6/upgrading/future#v7_starttransition.\n⚠️ React Router Future Flag Warning: Relative route resolution within Splat routes is changing in v7. You can use the `v7_relativeSplatPath` future flag to opt-in early. For more information, see https://reactrouter.com/v6/upgrading/future#v7_relativesplatpath.\n\nstderr | test/ui-element-tests.test.tsx > UI元素系统化检查 > 登录界面UI元素检查 > 品牌logo存在且功能正常\nWarning: `ReactDOMTestUtils.act` is deprecated in favor of `React.act`. Import `act` from `react` instead of `react-dom/test-utils`. See https://react.dev/warnings/react-dom-test-utils for more info.\n⚠️ React Router Future Flag Warning: React Router will begin wrapping state updates in `React.startTransition` in v7. You can use the `v7_startTransition` future flag to opt-in early. For more information, see https://reactrouter.com/v6/upgrading/future#v7_starttransition.\n⚠️ React Router Future Flag Warning: Relative route resolution within Splat routes is changing in v7. You can use the `v7_relativeSplatPath` future flag to opt-in early. For more information, see https://reactrouter.com/v6/upgrading/future#v7_relativesplatpath.\n\nstderr | test/components/RegisterPage.test.tsx > 注册页面UI接口测试 > UI元素存在性测试 > 应该渲染所有必需的UI元素\nWarning: `ReactDOMTestUtils.act` is deprecated in favor of `React.act`. Import `act` from `react` instead of `react-dom/test-utils`. See https://react.dev/warnings/react-dom-test-utils for more info.\n⚠️ React Router Future Flag Warning: React Router will begin wrapping state updates in `React.startTransition` in v7. You can use the `v7_startTransition` future flag to opt-in early. For more information, see https://reactrouter.com/v6/upgrading/future#v7_starttransition.\n⚠️ React Router Future Flag Warning: Relative route resolution within Splat routes is changing in v7. You can use the `v7_relativeSplatPath` future flag to opt-in early. For more information, see https://reactrouter.com/v6/upgrading/future#v7_relativesplatpath.\n\nstderr | unknown test\nError: Not implemented: navigation (except hash changes)\n    at module.exports (/Users/cq123222/Desktop/25-26 Fall/软件工程与项目管理/lab/taobei-app-new/frontend/node_modules/jsdom/lib/jsdom/browser/not-implemented.js:9:17)\n    at navigateFetch (/Users/cq123222/Desktop/25-26 Fall/软件工程与项目管理/lab/taobei-app-new/frontend/node_modules/jsdom/lib/jsdom/living/window/navigation.js:77:3)\n    at exports.navigate (/Users/cq123222/Desktop/25-26 Fall/软件工程与项目管理/lab/taobei-app-new/frontend/node_modules/jsdom/lib/jsdom/living/window/navigation.js:55:3)\n    at Timeout._onTimeout (/Users/cq123222/Desktop/25-26 Fall/软件工程与项目管理/lab/taobei-app-new/frontend/node_modules/jsdom/lib/jsdom/living/nodes/HTMLHyperlinkElementUtils-impl.js:81:7)\n    at listOnTimeout (node:internal/timers:588:17)\n    at processTimers (node:internal/timers:523:7) \u001b[90mundefined\u001b[39m\n\n⎯⎯⎯⎯⎯⎯ Failed Suites 1 ⎯⎯⎯⎯⎯⎯⎯\n\n FAIL  test/requirement-validation-tests.test.tsx [ test/requirement-validation-tests.test.tsx ]\nError: Failed to resolve import \"../../src/components/LoginPage\" from \"test/requirement-validation-tests.test.tsx\". Does the file exist?\n ❯ formatError ../../../../../25-26%20Fall/%E8%BD%AF%E4%BB%B6%E5%B7%A5%E7%A8%8B%E4%B8%8E%E9%A1%B9%E7%9B%AE%E7%AE%A1%E7%90%86/lab/taobei-app-new/frontend/node_modules/vite/dist/node/chunks/dep-827b23df.js:44066:46\n ❯ TransformContext.error ../../../../../25-26%20Fall/%E8%BD%AF%E4%BB%B6%E5%B7%A5%E7%A8%8B%E4%B8%8E%E9%A1%B9%E7%9B%AE%E7%AE%A1%E7%90%86/lab/taobei-app-new/frontend/node_modules/vite/dist/node/chunks/dep-827b23df.js:44062:19\n ❯ normalizeUrl ../../../../../25-26%20Fall/%E8%BD%AF%E4%BB%B6%E5%B7%A5%E7%A8%8B%E4%B8%8E%E9%A1%B9%E7%9B%AE%E7%AE%A1%E7%90%86/lab/taobei-app-new/frontend/node_modules/vite/dist/node/chunks/dep-827b23df.js:41845:33\n ❯ async file:/Users/cq123222/Desktop/25-26%20Fall/%E8%BD%AF%E4%BB%B6%E5%B7%A5%E7%A8%8B%E4%B8%8E%E9%A1%B9%E7%9B%AE%E7%AE%A1%E7%90%86/lab/taobei-app-new/frontend/node_modules/vite/dist/node/chunks/dep-827b23df.js:41999:47\n ❯ TransformContext.transform ../../../../../25-26%20Fall/%E8%BD%AF%E4%BB%B6%E5%B7%A5%E7%A8%8B%E4%B8%8E%E9%A1%B9%E7%9B%AE%E7%AE%A1%E7%90%86/lab/taobei-app-new/frontend/node_modules/vite/dist/node/chunks/dep-827b23df.js:41915:13\n ❯ Object.transform ../../../../../25-26%20Fall/%E8%BD%AF%E4%BB%B6%E5%B7%A5%E7%A8%8B%E4%B8%8E%E9%A1%B9%E7%9B%AE%E7%AE%A1%E7%90%86/lab/taobei-app-new/frontend/node_modules/vite/dist/node/chunks/dep-827b23df.js:44356:30\n ❯ loadAndTransform ../../../../../25-26%20Fall/%E8%BD%AF%E4%BB%B6%E5%B7%A5%E7%A8%8B%E4%B8%8E%E9%A1%B9%E7%9B%AE%E7%AE%A1%E7%90%86/lab/taobei-app-new/frontend/node_modules/vite/dist/node/chunks/dep-827b23df.js:55088:29\n\n⎯⎯⎯⎯⎯⎯⎯⎯⎯⎯⎯⎯⎯⎯⎯⎯⎯⎯⎯⎯⎯⎯⎯⎯[1/1]⎯\n\n",
      "timestamp": "2025-10-27T07:47:17.214Z",
      "acceptanceCriteria": "显示免费注册文字并可点击跳转"
    },
    {
      "requirementId": "REQ-1.2.1",
      "category": "用户登录",
      "description": "获取验证码 - 手机号格式校验",
      "testType": "integration",
      "testFile": "integration-test-existing.js",
      "status": "WARNING",
      "details": "部分测试通过，存在警告或失败项",
      "timestamp": "2025-10-27T07:47:18.349Z",
      "acceptanceCriteria": "无效手机号格式被拒绝"
    },
    {
      "requirementId": "REQ-1.2.2",
      "category": "用户登录",
      "description": "获取验证码 - 验证码生成",
      "testType": "integration",
      "testFile": "integration-test-existing.js",
      "status": "WARNING",
      "details": "部分测试通过，存在警告或失败项",
      "timestamp": "2025-10-27T07:47:18.349Z",
      "acceptanceCriteria": "生成6位验证码并设置60秒有效期"
    },
    {
      "requirementId": "REQ-2.2.1",
      "category": "用户注册",
      "description": "获取验证码 - 手机号格式校验",
      "testType": "integration",
      "testFile": "integration-test-existing.js",
      "status": "WARNING",
      "details": "部分测试通过，存在警告或失败项",
      "timestamp": "2025-10-27T07:47:18.349Z",
      "acceptanceCriteria": "无效手机号格式被拒绝"
    },
    {
      "requirementId": "REQ-2.2.2",
      "category": "用户注册",
      "description": "获取验证码 - 验证码生成",
      "testType": "integration",
      "testFile": "integration-test-existing.js",
      "status": "WARNING",
      "details": "部分测试通过，存在警告或失败项",
      "timestamp": "2025-10-27T07:47:18.349Z",
      "acceptanceCriteria": "生成6位验证码并设置60秒有效期"
    },
    {
      "requirementId": "REQ-1.3.1",
      "category": "用户登录",
      "description": "登录提交 - 未注册手机号校验",
      "testType": "e2e",
      "testFile": "e2e-test.js",
      "status": "WARNING",
      "details": "部分测试通过，存在警告或失败项",
      "timestamp": "2025-10-27T07:47:18.468Z",
      "acceptanceCriteria": "未注册手机号提示注册"
    },
    {
      "requirementId": "REQ-1.3.2",
      "category": "用户登录",
      "description": "登录提交 - 验证码校验",
      "testType": "e2e",
      "testFile": "e2e-test.js",
      "status": "WARNING",
      "details": "部分测试通过，存在警告或失败项",
      "timestamp": "2025-10-27T07:47:18.468Z",
      "acceptanceCriteria": "错误验证码被拒绝"
    },
    {
      "requirementId": "REQ-1.3.3",
      "category": "用户登录",
      "description": "登录提交 - 成功登录流程",
      "testType": "e2e",
      "testFile": "e2e-test.js",
      "status": "WARNING",
      "details": "部分测试通过，存在警告或失败项",
      "timestamp": "2025-10-27T07:47:18.468Z",
      "acceptanceCriteria": "正确信息登录成功并跳转首页"
    },
    {
      "requirementId": "REQ-1.4.1",
      "category": "用户登录",
      "description": "页面导航 - 登录到注册页面跳转",
      "testType": "e2e",
      "testFile": "e2e-test.js",
      "status": "WARNING",
      "details": "部分测试通过，存在警告或失败项",
      "timestamp": "2025-10-27T07:47:18.468Z",
      "acceptanceCriteria": "点击免费注册链接跳转到注册页面"
    },
    {
      "requirementId": "REQ-2.3.1",
      "category": "用户注册",
      "description": "注册提交 - 已注册手机号校验",
      "testType": "e2e",
      "testFile": "e2e-test.js",
      "status": "WARNING",
      "details": "部分测试通过，存在警告或失败项",
      "timestamp": "2025-10-27T07:47:18.468Z",
      "acceptanceCriteria": "已注册手机号直接登录"
    },
    {
      "requirementId": "REQ-2.3.3",
      "category": "用户注册",
      "description": "注册提交 - 验证码校验",
      "testType": "e2e",
      "testFile": "e2e-test.js",
      "status": "WARNING",
      "details": "部分测试通过，存在警告或失败项",
      "timestamp": "2025-10-27T07:47:18.468Z",
      "acceptanceCriteria": "错误验证码被拒绝"
    },
    {
      "requirementId": "REQ-2.3.4",
      "category": "用户注册",
      "description": "注册提交 - 成功注册流程",
      "testType": "e2e",
      "testFile": "e2e-test.js",
      "status": "WARNING",
      "details": "部分测试通过，存在警告或失败项",
      "timestamp": "2025-10-27T07:47:18.468Z",
      "acceptanceCriteria": "新用户注册成功并跳转首页"
    },
    {
      "requirementId": "REQ-2.4.1",
      "category": "用户注册",
      "description": "页面导航 - 注册到登录页面跳转",
      "testType": "e2e",
      "testFile": "e2e-test.js",
      "status": "WARNING",
      "details": "部分测试通过，存在警告或失败项",
      "timestamp": "2025-10-27T07:47:18.468Z",
      "acceptanceCriteria": "点击立即登录链接跳转到登录页面"
    }
  ],
  "traceabilityMatrix": {
    "用户登录": [
      {
        "requirementId": "REQ-1.1.1",
        "description": "登录界面布局 - 手机号输入区域",
        "testFile": "LoginPage.test.tsx",
        "status": "FAILED",
        "coverage": "0%"
      },
      {
        "requirementId": "REQ-1.1.2",
        "description": "登录界面布局 - 验证码输入区域",
        "testFile": "LoginPage.test.tsx",
        "status": "FAILED",
        "coverage": "0%"
      },
      {
        "requirementId": "REQ-1.1.3",
        "description": "登录界面布局 - 登录按钮",
        "testFile": "LoginPage.test.tsx",
        "status": "FAILED",
        "coverage": "0%"
      },
      {
        "requirementId": "REQ-1.1.4",
        "description": "登录界面布局 - 底部导航",
        "testFile": "LoginPage.test.tsx",
        "status": "FAILED",
        "coverage": "0%"
      },
      {
        "requirementId": "REQ-1.2.1",
        "description": "获取验证码 - 手机号格式校验",
        "testFile": "integration-test-existing.js",
        "status": "WARNING",
        "coverage": "75%"
      },
      {
        "requirementId": "REQ-1.2.2",
        "description": "获取验证码 - 验证码生成",
        "testFile": "integration-test-existing.js",
        "status": "WARNING",
        "coverage": "75%"
      },
      {
        "requirementId": "REQ-1.3.1",
        "description": "登录提交 - 未注册手机号校验",
        "testFile": "e2e-test.js",
        "status": "WARNING",
        "coverage": "75%"
      },
      {
        "requirementId": "REQ-1.3.2",
        "description": "登录提交 - 验证码校验",
        "testFile": "e2e-test.js",
        "status": "WARNING",
        "coverage": "75%"
      },
      {
        "requirementId": "REQ-1.3.3",
        "description": "登录提交 - 成功登录流程",
        "testFile": "e2e-test.js",
        "status": "WARNING",
        "coverage": "75%"
      },
      {
        "requirementId": "REQ-1.4.1",
        "description": "页面导航 - 登录到注册页面跳转",
        "testFile": "e2e-test.js",
        "status": "WARNING",
        "coverage": "75%"
      }
    ],
    "用户注册": [
      {
        "requirementId": "REQ-2.1.1",
        "description": "注册界面布局 - 手机号输入区域",
        "testFile": "RegisterPage.test.tsx",
        "status": "FAILED",
        "coverage": "0%"
      },
      {
        "requirementId": "REQ-2.1.2",
        "description": "注册界面布局 - 验证码输入区域",
        "testFile": "RegisterPage.test.tsx",
        "status": "FAILED",
        "coverage": "0%"
      },
      {
        "requirementId": "REQ-2.1.3",
        "description": "注册界面布局 - 同意并注册按钮",
        "testFile": "RegisterPage.test.tsx",
        "status": "FAILED",
        "coverage": "0%"
      },
      {
        "requirementId": "REQ-2.1.4",
        "description": "注册界面布局 - 登录链接和协议",
        "testFile": "RegisterPage.test.tsx",
        "status": "FAILED",
        "coverage": "0%"
      },
      {
        "requirementId": "REQ-2.3.2",
        "description": "注册提交 - 用户协议校验",
        "testFile": "RegisterPage.test.tsx",
        "status": "FAILED",
        "coverage": "0%"
      },
      {
        "requirementId": "REQ-2.2.1",
        "description": "获取验证码 - 手机号格式校验",
        "testFile": "integration-test-existing.js",
        "status": "WARNING",
        "coverage": "75%"
      },
      {
        "requirementId": "REQ-2.2.2",
        "description": "获取验证码 - 验证码生成",
        "testFile": "integration-test-existing.js",
        "status": "WARNING",
        "coverage": "75%"
      },
      {
        "requirementId": "REQ-2.3.1",
        "description": "注册提交 - 已注册手机号校验",
        "testFile": "e2e-test.js",
        "status": "WARNING",
        "coverage": "75%"
      },
      {
        "requirementId": "REQ-2.3.3",
        "description": "注册提交 - 验证码校验",
        "testFile": "e2e-test.js",
        "status": "WARNING",
        "coverage": "75%"
      },
      {
        "requirementId": "REQ-2.3.4",
        "description": "注册提交 - 成功注册流程",
        "testFile": "e2e-test.js",
        "status": "WARNING",
        "coverage": "75%"
      },
      {
        "requirementId": "REQ-2.4.1",
        "description": "页面导航 - 注册到登录页面跳转",
        "testFile": "e2e-test.js",
        "status": "WARNING",
        "coverage": "75%"
      }
    ],
    "首页": [
      {
        "requirementId": "REQ-3.1.1",
        "description": "首页布局 - 品牌logo",
        "testFile": "HomePage.test.tsx",
        "status": "FAILED",
        "coverage": "0%"
      },
      {
        "requirementId": "REQ-3.1.2",
        "description": "首页布局 - 登录链接",
        "testFile": "HomePage.test.tsx",
        "status": "FAILED",
        "coverage": "0%"
      },
      {
        "requirementId": "REQ-3.1.3",
        "description": "首页布局 - 注册链接",
        "testFile": "HomePage.test.tsx",
        "status": "FAILED",
        "coverage": "0%"
      }
    ]
  },
  "recommendations": [
    {
      "priority": "HIGH",
      "category": "失败修复",
      "description": "修复12个失败的需求验证",
      "items": [
        "REQ-1.1.1",
        "REQ-1.1.2",
        "REQ-1.1.3",
        "REQ-1.1.4",
        "REQ-2.1.1",
        "REQ-2.1.2",
        "REQ-2.1.3",
        "REQ-2.1.4",
        "REQ-2.3.2",
        "REQ-3.1.1",
        "REQ-3.1.2",
        "REQ-3.1.3"
      ]
    },
    {
      "priority": "MEDIUM",
      "category": "警告处理",
      "description": "检查12个警告项目",
      "items": [
        "REQ-1.2.1",
        "REQ-1.2.2",
        "REQ-2.2.1",
        "REQ-2.2.2",
        "REQ-1.3.1",
        "REQ-1.3.2",
        "REQ-1.3.3",
        "REQ-1.4.1",
        "REQ-2.3.1",
        "REQ-2.3.3",
        "REQ-2.3.4",
        "REQ-2.4.1"
      ]
    }
  ]
}